2024-08-14 18:02:03,363 - app_event - DEBUG - Perform analysis periodically[('2024_08_14_11_20_44_2000', '1', '12   7  21  11  405466000', 716, 34, 'Aug 14 2024 11:20AM'), ('2024_08_14_11_20_44_2000', '2', '12   7  21  12   39750000', 716, 0, 'Aug 14 2024 11:20AM'), ('2024_08_14_11_20_44_2000', '3', '12   7  21  12  544454000', 716, 34, 'Aug 14 2024 11:20AM'), ('2024_08_14_11_20_44_2000', '4', '12   7  21  15   79264000', 682, 0, 'Aug 14 2024 11:20AM'), ('2024_08_14_11_20_44_2000', '5', '12   7  21  15  648552000', 716, 34, 'Aug 14 2024 11:20AM'), ('2024_08_14_11_20_44_2000', '6', None, 716, 716, None)]
2024-08-14 18:02:03,375 - app_event - DEBUG - fetch_temperature monitor train2024_08_14_11_20_44_2000
2024-08-14 18:02:03,379 - app_event - DEBUG - processed_axle_numbers{'5', '1', '4', '3', '6', '2'}
2024-08-14 18:02:03,380 - app_event - DEBUG - known_axle_numbers{'5', '1', '4', '3', '6', '2'}
2024-08-14 18:02:03,384 - app_event - DEBUG - check_for_new_axle_no data = self.fetch_temperature[('2024_08_14_11_20_44_2000', '1', '12   7  21  11  405466000', 716, 34, 'Aug 14 2024 11:20AM'), ('2024_08_14_11_20_44_2000', '2', '12   7  21  12   39750000', 716, 0, 'Aug 14 2024 11:20AM'), ('2024_08_14_11_20_44_2000', '3', '12   7  21  12  544454000', 716, 34, 'Aug 14 2024 11:20AM'), ('2024_08_14_11_20_44_2000', '4', '12   7  21  15   79264000', 682, 0, 'Aug 14 2024 11:20AM'), ('2024_08_14_11_20_44_2000', '5', '12   7  21  15  648552000', 716, 34, 'Aug 14 2024 11:20AM'), ('2024_08_14_11_20_44_2000', '6', None, 716, 716, None)]
2024-08-14 18:02:08,397 - app_event - DEBUG - fetch_temperature monitor train2024_08_14_11_20_44_2000
2024-08-14 18:02:08,400 - app_event - DEBUG - Perform analysis periodically[('2024_08_14_11_20_44_2000', '1', '12   7  21  11  405466000', 716, 34, 'Aug 14 2024 11:20AM'), ('2024_08_14_11_20_44_2000', '2', '12   7  21  12   39750000', 716, 0, 'Aug 14 2024 11:20AM'), ('2024_08_14_11_20_44_2000', '3', '12   7  21  12  544454000', 716, 34, 'Aug 14 2024 11:20AM'), ('2024_08_14_11_20_44_2000', '4', '12   7  21  15   79264000', 682, 0, 'Aug 14 2024 11:20AM'), ('2024_08_14_11_20_44_2000', '5', '12   7  21  15  648552000', 716, 34, 'Aug 14 2024 11:20AM'), ('2024_08_14_11_20_44_2000', '6', None, 716, 716, None)]
2024-08-14 18:02:08,401 - app_event - DEBUG - fetch_temperature monitor train2024_08_14_11_20_44_2000
2024-08-14 18:02:08,402 - app_event - DEBUG - processed_axle_numbers{'5', '1', '4', '3', '6', '2'}
2024-08-14 18:02:08,403 - app_event - DEBUG - known_axle_numbers{'5', '1', '4', '3', '6', '2'}
2024-08-14 18:02:08,404 - app_event - DEBUG - check_for_new_axle_no data = self.fetch_temperature[('2024_08_14_11_20_44_2000', '1', '12   7  21  11  405466000', 716, 34, 'Aug 14 2024 11:20AM'), ('2024_08_14_11_20_44_2000', '2', '12   7  21  12   39750000', 716, 0, 'Aug 14 2024 11:20AM'), ('2024_08_14_11_20_44_2000', '3', '12   7  21  12  544454000', 716, 34, 'Aug 14 2024 11:20AM'), ('2024_08_14_11_20_44_2000', '4', '12   7  21  15   79264000', 682, 0, 'Aug 14 2024 11:20AM'), ('2024_08_14_11_20_44_2000', '5', '12   7  21  15  648552000', 716, 34, 'Aug 14 2024 11:20AM'), ('2024_08_14_11_20_44_2000', '6', None, 716, 716, None)]
2024-08-14 18:02:13,409 - app_event - DEBUG - fetch_temperature monitor train2024_08_14_11_20_44_2000
2024-08-14 18:02:13,410 - app_event - DEBUG - Perform analysis periodically[('2024_08_14_11_20_44_2000', '1', '12   7  21  11  405466000', 716, 34, 'Aug 14 2024 11:20AM'), ('2024_08_14_11_20_44_2000', '2', '12   7  21  12   39750000', 716, 0, 'Aug 14 2024 11:20AM'), ('2024_08_14_11_20_44_2000', '3', '12   7  21  12  544454000', 716, 34, 'Aug 14 2024 11:20AM'), ('2024_08_14_11_20_44_2000', '4', '12   7  21  15   79264000', 682, 0, 'Aug 14 2024 11:20AM'), ('2024_08_14_11_20_44_2000', '5', '12   7  21  15  648552000', 716, 34, 'Aug 14 2024 11:20AM'), ('2024_08_14_11_20_44_2000', '6', None, 716, 716, None)]
2024-08-14 18:02:13,412 - app_event - DEBUG - fetch_temperature monitor train2024_08_14_11_20_44_2000
2024-08-14 18:02:13,413 - app_event - DEBUG - processed_axle_numbers{'5', '1', '4', '3', '6', '2'}
2024-08-14 18:02:13,413 - app_event - DEBUG - known_axle_numbers{'5', '1', '4', '3', '6', '2'}
2024-08-14 18:02:13,414 - app_event - DEBUG - check_for_new_axle_no data = self.fetch_temperature[('2024_08_14_11_20_44_2000', '1', '12   7  21  11  405466000', 716, 34, 'Aug 14 2024 11:20AM'), ('2024_08_14_11_20_44_2000', '2', '12   7  21  12   39750000', 716, 0, 'Aug 14 2024 11:20AM'), ('2024_08_14_11_20_44_2000', '3', '12   7  21  12  544454000', 716, 34, 'Aug 14 2024 11:20AM'), ('2024_08_14_11_20_44_2000', '4', '12   7  21  15   79264000', 682, 0, 'Aug 14 2024 11:20AM'), ('2024_08_14_11_20_44_2000', '5', '12   7  21  15  648552000', 716, 34, 'Aug 14 2024 11:20AM'), ('2024_08_14_11_20_44_2000', '6', None, 716, 716, None)]
2024-08-14 18:02:18,421 - app_event - DEBUG - fetch_temperature monitor train2024_08_14_11_20_44_2000
2024-08-14 18:02:18,422 - app_event - DEBUG - Perform analysis periodically[('2024_08_14_11_20_44_2000', '1', '12   7  21  11  405466000', 716, 34, 'Aug 14 2024 11:20AM'), ('2024_08_14_11_20_44_2000', '2', '12   7  21  12   39750000', 716, 0, 'Aug 14 2024 11:20AM'), ('2024_08_14_11_20_44_2000', '3', '12   7  21  12  544454000', 716, 34, 'Aug 14 2024 11:20AM'), ('2024_08_14_11_20_44_2000', '4', '12   7  21  15   79264000', 682, 0, 'Aug 14 2024 11:20AM'), ('2024_08_14_11_20_44_2000', '5', '12   7  21  15  648552000', 716, 34, 'Aug 14 2024 11:20AM'), ('2024_08_14_11_20_44_2000', '6', None, 716, 716, None)]
2024-08-14 18:02:18,423 - app_event - DEBUG - fetch_temperature monitor train2024_08_14_11_20_44_2000
2024-08-14 18:02:18,424 - app_event - DEBUG - processed_axle_numbers{'5', '1', '4', '3', '6', '2'}
2024-08-14 18:02:18,424 - app_event - DEBUG - known_axle_numbers{'5', '1', '4', '3', '6', '2'}
2024-08-14 18:02:18,425 - app_event - DEBUG - check_for_new_axle_no data = self.fetch_temperature[('2024_08_14_11_20_44_2000', '1', '12   7  21  11  405466000', 716, 34, 'Aug 14 2024 11:20AM'), ('2024_08_14_11_20_44_2000', '2', '12   7  21  12   39750000', 716, 0, 'Aug 14 2024 11:20AM'), ('2024_08_14_11_20_44_2000', '3', '12   7  21  12  544454000', 716, 34, 'Aug 14 2024 11:20AM'), ('2024_08_14_11_20_44_2000', '4', '12   7  21  15   79264000', 682, 0, 'Aug 14 2024 11:20AM'), ('2024_08_14_11_20_44_2000', '5', '12   7  21  15  648552000', 716, 34, 'Aug 14 2024 11:20AM'), ('2024_08_14_11_20_44_2000', '6', None, 716, 716, None)]
2024-08-14 18:02:23,436 - app_event - DEBUG - fetch_temperature monitor train2024_08_14_11_20_44_2000
2024-08-14 18:02:23,437 - app_event - DEBUG - Perform analysis periodically[('2024_08_14_11_20_44_2000', '1', '12   7  21  11  405466000', 716, 34, 'Aug 14 2024 11:20AM'), ('2024_08_14_11_20_44_2000', '2', '12   7  21  12   39750000', 716, 0, 'Aug 14 2024 11:20AM'), ('2024_08_14_11_20_44_2000', '3', '12   7  21  12  544454000', 716, 34, 'Aug 14 2024 11:20AM'), ('2024_08_14_11_20_44_2000', '4', '12   7  21  15   79264000', 682, 0, 'Aug 14 2024 11:20AM'), ('2024_08_14_11_20_44_2000', '5', '12   7  21  15  648552000', 716, 34, 'Aug 14 2024 11:20AM'), ('2024_08_14_11_20_44_2000', '6', None, 716, 716, None)]
2024-08-14 18:02:23,439 - app_event - DEBUG - fetch_temperature monitor train2024_08_14_11_20_44_2000
2024-08-14 18:02:23,439 - app_event - DEBUG - processed_axle_numbers{'5', '1', '4', '3', '6', '2'}
2024-08-14 18:02:23,439 - app_event - DEBUG - known_axle_numbers{'5', '1', '4', '3', '6', '2'}
2024-08-14 18:02:23,441 - app_event - DEBUG - check_for_new_axle_no data = self.fetch_temperature[('2024_08_14_11_20_44_2000', '1', '12   7  21  11  405466000', 716, 34, 'Aug 14 2024 11:20AM'), ('2024_08_14_11_20_44_2000', '2', '12   7  21  12   39750000', 716, 0, 'Aug 14 2024 11:20AM'), ('2024_08_14_11_20_44_2000', '3', '12   7  21  12  544454000', 716, 34, 'Aug 14 2024 11:20AM'), ('2024_08_14_11_20_44_2000', '4', '12   7  21  15   79264000', 682, 0, 'Aug 14 2024 11:20AM'), ('2024_08_14_11_20_44_2000', '5', '12   7  21  15  648552000', 716, 34, 'Aug 14 2024 11:20AM'), ('2024_08_14_11_20_44_2000', '6', None, 716, 716, None)]
2024-08-14 18:02:28,453 - app_event - DEBUG - fetch_temperature monitor train2024_08_14_11_20_44_2000
2024-08-14 18:02:28,454 - app_event - DEBUG - Perform analysis periodically[('2024_08_14_11_20_44_2000', '1', '12   7  21  11  405466000', 716, 34, 'Aug 14 2024 11:20AM'), ('2024_08_14_11_20_44_2000', '2', '12   7  21  12   39750000', 716, 0, 'Aug 14 2024 11:20AM'), ('2024_08_14_11_20_44_2000', '3', '12   7  21  12  544454000', 716, 34, 'Aug 14 2024 11:20AM'), ('2024_08_14_11_20_44_2000', '4', '12   7  21  15   79264000', 682, 0, 'Aug 14 2024 11:20AM'), ('2024_08_14_11_20_44_2000', '5', '12   7  21  15  648552000', 716, 34, 'Aug 14 2024 11:20AM'), ('2024_08_14_11_20_44_2000', '6', None, 716, 716, None)]
2024-08-14 18:02:28,456 - app_event - DEBUG - fetch_temperature monitor train2024_08_14_11_20_44_2000
2024-08-14 18:02:28,456 - app_event - DEBUG - processed_axle_numbers{'5', '1', '4', '3', '6', '2'}
2024-08-14 18:02:28,457 - app_event - DEBUG - known_axle_numbers{'5', '1', '4', '3', '6', '2'}
2024-08-14 18:02:28,457 - app_event - DEBUG - check_for_new_axle_no data = self.fetch_temperature[('2024_08_14_11_20_44_2000', '1', '12   7  21  11  405466000', 716, 34, 'Aug 14 2024 11:20AM'), ('2024_08_14_11_20_44_2000', '2', '12   7  21  12   39750000', 716, 0, 'Aug 14 2024 11:20AM'), ('2024_08_14_11_20_44_2000', '3', '12   7  21  12  544454000', 716, 34, 'Aug 14 2024 11:20AM'), ('2024_08_14_11_20_44_2000', '4', '12   7  21  15   79264000', 682, 0, 'Aug 14 2024 11:20AM'), ('2024_08_14_11_20_44_2000', '5', '12   7  21  15  648552000', 716, 34, 'Aug 14 2024 11:20AM'), ('2024_08_14_11_20_44_2000', '6', None, 716, 716, None)]
2024-08-14 18:02:33,472 - app_event - DEBUG - fetch_temperature monitor train2024_08_14_11_20_44_2000
2024-08-14 18:02:33,473 - app_event - DEBUG - Perform analysis periodically[('2024_08_14_11_20_44_2000', '1', '12   7  21  11  405466000', 716, 34, 'Aug 14 2024 11:20AM'), ('2024_08_14_11_20_44_2000', '2', '12   7  21  12   39750000', 716, 0, 'Aug 14 2024 11:20AM'), ('2024_08_14_11_20_44_2000', '3', '12   7  21  12  544454000', 716, 34, 'Aug 14 2024 11:20AM'), ('2024_08_14_11_20_44_2000', '4', '12   7  21  15   79264000', 682, 0, 'Aug 14 2024 11:20AM'), ('2024_08_14_11_20_44_2000', '5', '12   7  21  15  648552000', 716, 34, 'Aug 14 2024 11:20AM'), ('2024_08_14_11_20_44_2000', '6', None, 716, 716, None)]
2024-08-14 18:02:33,474 - app_event - DEBUG - fetch_temperature monitor train2024_08_14_11_20_44_2000
2024-08-14 18:02:33,474 - app_event - DEBUG - processed_axle_numbers{'5', '1', '4', '3', '6', '2'}
2024-08-14 18:02:33,475 - app_event - DEBUG - known_axle_numbers{'5', '1', '4', '3', '6', '2'}
2024-08-14 18:02:33,477 - app_event - DEBUG - check_for_new_axle_no data = self.fetch_temperature[('2024_08_14_11_20_44_2000', '1', '12   7  21  11  405466000', 716, 34, 'Aug 14 2024 11:20AM'), ('2024_08_14_11_20_44_2000', '2', '12   7  21  12   39750000', 716, 0, 'Aug 14 2024 11:20AM'), ('2024_08_14_11_20_44_2000', '3', '12   7  21  12  544454000', 716, 34, 'Aug 14 2024 11:20AM'), ('2024_08_14_11_20_44_2000', '4', '12   7  21  15   79264000', 682, 0, 'Aug 14 2024 11:20AM'), ('2024_08_14_11_20_44_2000', '5', '12   7  21  15  648552000', 716, 34, 'Aug 14 2024 11:20AM'), ('2024_08_14_11_20_44_2000', '6', None, 716, 716, None)]
2024-08-14 18:02:38,489 - app_event - DEBUG - fetch_temperature monitor train2024_08_14_11_20_44_2000
2024-08-14 18:02:38,490 - app_event - DEBUG - Perform analysis periodically[('2024_08_14_11_20_44_2000', '1', '12   7  21  11  405466000', 716, 34, 'Aug 14 2024 11:20AM'), ('2024_08_14_11_20_44_2000', '2', '12   7  21  12   39750000', 716, 0, 'Aug 14 2024 11:20AM'), ('2024_08_14_11_20_44_2000', '3', '12   7  21  12  544454000', 716, 34, 'Aug 14 2024 11:20AM'), ('2024_08_14_11_20_44_2000', '4', '12   7  21  15   79264000', 682, 0, 'Aug 14 2024 11:20AM'), ('2024_08_14_11_20_44_2000', '5', '12   7  21  15  648552000', 716, 34, 'Aug 14 2024 11:20AM'), ('2024_08_14_11_20_44_2000', '6', None, 716, 716, None)]
2024-08-14 18:02:38,491 - app_event - DEBUG - fetch_temperature monitor train2024_08_14_11_20_44_2000
2024-08-14 18:02:38,492 - app_event - DEBUG - processed_axle_numbers{'5', '1', '4', '3', '6', '2'}
2024-08-14 18:02:38,493 - app_event - DEBUG - known_axle_numbers{'5', '1', '4', '3', '6', '2'}
2024-08-14 18:02:38,494 - app_event - DEBUG - check_for_new_axle_no data = self.fetch_temperature[('2024_08_14_11_20_44_2000', '1', '12   7  21  11  405466000', 716, 34, 'Aug 14 2024 11:20AM'), ('2024_08_14_11_20_44_2000', '2', '12   7  21  12   39750000', 716, 0, 'Aug 14 2024 11:20AM'), ('2024_08_14_11_20_44_2000', '3', '12   7  21  12  544454000', 716, 34, 'Aug 14 2024 11:20AM'), ('2024_08_14_11_20_44_2000', '4', '12   7  21  15   79264000', 682, 0, 'Aug 14 2024 11:20AM'), ('2024_08_14_11_20_44_2000', '5', '12   7  21  15  648552000', 716, 34, 'Aug 14 2024 11:20AM'), ('2024_08_14_11_20_44_2000', '6', None, 716, 716, None)]
2024-08-14 18:02:43,511 - app_event - DEBUG - fetch_temperature monitor train2024_08_14_11_20_44_2000
2024-08-14 18:02:43,512 - app_event - DEBUG - Perform analysis periodically[('2024_08_14_11_20_44_2000', '1', '12   7  21  11  405466000', 716, 34, 'Aug 14 2024 11:20AM'), ('2024_08_14_11_20_44_2000', '2', '12   7  21  12   39750000', 716, 0, 'Aug 14 2024 11:20AM'), ('2024_08_14_11_20_44_2000', '3', '12   7  21  12  544454000', 716, 34, 'Aug 14 2024 11:20AM'), ('2024_08_14_11_20_44_2000', '4', '12   7  21  15   79264000', 682, 0, 'Aug 14 2024 11:20AM'), ('2024_08_14_11_20_44_2000', '5', '12   7  21  15  648552000', 716, 34, 'Aug 14 2024 11:20AM'), ('2024_08_14_11_20_44_2000', '6', None, 716, 716, None)]
2024-08-14 18:02:43,514 - app_event - DEBUG - fetch_temperature monitor train2024_08_14_11_20_44_2000
2024-08-14 18:02:43,515 - app_event - DEBUG - processed_axle_numbers{'5', '1', '4', '3', '6', '2'}
2024-08-14 18:02:43,515 - app_event - DEBUG - known_axle_numbers{'5', '1', '4', '3', '6', '2'}
2024-08-14 18:02:43,516 - app_event - DEBUG - check_for_new_axle_no data = self.fetch_temperature[('2024_08_14_11_20_44_2000', '1', '12   7  21  11  405466000', 716, 34, 'Aug 14 2024 11:20AM'), ('2024_08_14_11_20_44_2000', '2', '12   7  21  12   39750000', 716, 0, 'Aug 14 2024 11:20AM'), ('2024_08_14_11_20_44_2000', '3', '12   7  21  12  544454000', 716, 34, 'Aug 14 2024 11:20AM'), ('2024_08_14_11_20_44_2000', '4', '12   7  21  15   79264000', 682, 0, 'Aug 14 2024 11:20AM'), ('2024_08_14_11_20_44_2000', '5', '12   7  21  15  648552000', 716, 34, 'Aug 14 2024 11:20AM'), ('2024_08_14_11_20_44_2000', '6', None, 716, 716, None)]
2024-08-14 18:02:48,520 - app_event - DEBUG - fetch_temperature monitor train2024_08_14_11_20_44_2000
2024-08-14 18:02:48,521 - app_event - DEBUG - Perform analysis periodically[('2024_08_14_11_20_44_2000', '1', '12   7  21  11  405466000', 716, 34, 'Aug 14 2024 11:20AM'), ('2024_08_14_11_20_44_2000', '2', '12   7  21  12   39750000', 716, 0, 'Aug 14 2024 11:20AM'), ('2024_08_14_11_20_44_2000', '3', '12   7  21  12  544454000', 716, 34, 'Aug 14 2024 11:20AM'), ('2024_08_14_11_20_44_2000', '4', '12   7  21  15   79264000', 682, 0, 'Aug 14 2024 11:20AM'), ('2024_08_14_11_20_44_2000', '5', '12   7  21  15  648552000', 716, 34, 'Aug 14 2024 11:20AM'), ('2024_08_14_11_20_44_2000', '6', None, 716, 716, None)]
2024-08-14 18:02:48,523 - app_event - DEBUG - fetch_temperature monitor train2024_08_14_11_20_44_2000
2024-08-14 18:02:48,523 - app_event - DEBUG - processed_axle_numbers{'5', '1', '4', '3', '6', '2'}
2024-08-14 18:02:48,524 - app_event - DEBUG - known_axle_numbers{'5', '1', '4', '3', '6', '2'}
2024-08-14 18:02:48,524 - app_event - DEBUG - check_for_new_axle_no data = self.fetch_temperature[('2024_08_14_11_20_44_2000', '1', '12   7  21  11  405466000', 716, 34, 'Aug 14 2024 11:20AM'), ('2024_08_14_11_20_44_2000', '2', '12   7  21  12   39750000', 716, 0, 'Aug 14 2024 11:20AM'), ('2024_08_14_11_20_44_2000', '3', '12   7  21  12  544454000', 716, 34, 'Aug 14 2024 11:20AM'), ('2024_08_14_11_20_44_2000', '4', '12   7  21  15   79264000', 682, 0, 'Aug 14 2024 11:20AM'), ('2024_08_14_11_20_44_2000', '5', '12   7  21  15  648552000', 716, 34, 'Aug 14 2024 11:20AM'), ('2024_08_14_11_20_44_2000', '6', None, 716, 716, None)]
2024-08-14 18:02:53,540 - app_event - DEBUG - fetch_temperature monitor train2024_08_14_11_20_44_2000
2024-08-14 18:02:53,541 - app_event - DEBUG - Perform analysis periodically[('2024_08_14_11_20_44_2000', '1', '12   7  21  11  405466000', 716, 34, 'Aug 14 2024 11:20AM'), ('2024_08_14_11_20_44_2000', '2', '12   7  21  12   39750000', 716, 0, 'Aug 14 2024 11:20AM'), ('2024_08_14_11_20_44_2000', '3', '12   7  21  12  544454000', 716, 34, 'Aug 14 2024 11:20AM'), ('2024_08_14_11_20_44_2000', '4', '12   7  21  15   79264000', 682, 0, 'Aug 14 2024 11:20AM'), ('2024_08_14_11_20_44_2000', '5', '12   7  21  15  648552000', 716, 34, 'Aug 14 2024 11:20AM'), ('2024_08_14_11_20_44_2000', '6', None, 716, 716, None)]
2024-08-14 18:02:53,542 - app_event - DEBUG - fetch_temperature monitor train2024_08_14_11_20_44_2000
2024-08-14 18:02:53,543 - app_event - DEBUG - processed_axle_numbers{'5', '1', '4', '3', '6', '2'}
2024-08-14 18:02:53,544 - app_event - DEBUG - known_axle_numbers{'5', '1', '4', '3', '6', '2'}
2024-08-14 18:02:53,544 - app_event - DEBUG - check_for_new_axle_no data = self.fetch_temperature[('2024_08_14_11_20_44_2000', '1', '12   7  21  11  405466000', 716, 34, 'Aug 14 2024 11:20AM'), ('2024_08_14_11_20_44_2000', '2', '12   7  21  12   39750000', 716, 0, 'Aug 14 2024 11:20AM'), ('2024_08_14_11_20_44_2000', '3', '12   7  21  12  544454000', 716, 34, 'Aug 14 2024 11:20AM'), ('2024_08_14_11_20_44_2000', '4', '12   7  21  15   79264000', 682, 0, 'Aug 14 2024 11:20AM'), ('2024_08_14_11_20_44_2000', '5', '12   7  21  15  648552000', 716, 34, 'Aug 14 2024 11:20AM'), ('2024_08_14_11_20_44_2000', '6', None, 716, 716, None)]
2024-08-14 18:02:58,560 - app_event - DEBUG - fetch_temperature monitor train2024_08_14_11_20_44_2000
2024-08-14 18:02:58,560 - app_event - DEBUG - Perform analysis periodically[('2024_08_14_11_20_44_2000', '1', '12   7  21  11  405466000', 716, 34, 'Aug 14 2024 11:20AM'), ('2024_08_14_11_20_44_2000', '2', '12   7  21  12   39750000', 716, 0, 'Aug 14 2024 11:20AM'), ('2024_08_14_11_20_44_2000', '3', '12   7  21  12  544454000', 716, 34, 'Aug 14 2024 11:20AM'), ('2024_08_14_11_20_44_2000', '4', '12   7  21  15   79264000', 682, 0, 'Aug 14 2024 11:20AM'), ('2024_08_14_11_20_44_2000', '5', '12   7  21  15  648552000', 716, 34, 'Aug 14 2024 11:20AM'), ('2024_08_14_11_20_44_2000', '6', None, 716, 716, None)]
2024-08-14 18:02:58,562 - app_event - DEBUG - fetch_temperature monitor train2024_08_14_11_20_44_2000
2024-08-14 18:02:58,563 - app_event - DEBUG - processed_axle_numbers{'5', '1', '4', '3', '6', '2'}
2024-08-14 18:02:58,563 - app_event - DEBUG - known_axle_numbers{'5', '1', '4', '3', '6', '2'}
2024-08-14 18:02:58,565 - app_event - DEBUG - check_for_new_axle_no data = self.fetch_temperature[('2024_08_14_11_20_44_2000', '1', '12   7  21  11  405466000', 716, 34, 'Aug 14 2024 11:20AM'), ('2024_08_14_11_20_44_2000', '2', '12   7  21  12   39750000', 716, 0, 'Aug 14 2024 11:20AM'), ('2024_08_14_11_20_44_2000', '3', '12   7  21  12  544454000', 716, 34, 'Aug 14 2024 11:20AM'), ('2024_08_14_11_20_44_2000', '4', '12   7  21  15   79264000', 682, 0, 'Aug 14 2024 11:20AM'), ('2024_08_14_11_20_44_2000', '5', '12   7  21  15  648552000', 716, 34, 'Aug 14 2024 11:20AM'), ('2024_08_14_11_20_44_2000', '6', None, 716, 716, None)]
2024-08-14 18:03:03,574 - app_event - DEBUG - fetch_temperature monitor train2024_08_14_11_20_44_2000
2024-08-14 18:03:03,576 - app_event - DEBUG - Perform analysis periodically[('2024_08_14_11_20_44_2000', '1', '12   7  21  11  405466000', 716, 34, 'Aug 14 2024 11:20AM'), ('2024_08_14_11_20_44_2000', '2', '12   7  21  12   39750000', 716, 0, 'Aug 14 2024 11:20AM'), ('2024_08_14_11_20_44_2000', '3', '12   7  21  12  544454000', 716, 34, 'Aug 14 2024 11:20AM'), ('2024_08_14_11_20_44_2000', '4', '12   7  21  15   79264000', 682, 0, 'Aug 14 2024 11:20AM'), ('2024_08_14_11_20_44_2000', '5', '12   7  21  15  648552000', 716, 34, 'Aug 14 2024 11:20AM'), ('2024_08_14_11_20_44_2000', '6', None, 716, 716, None)]
2024-08-14 18:03:03,577 - app_event - DEBUG - fetch_temperature monitor train2024_08_14_11_20_44_2000
2024-08-14 18:03:03,578 - app_event - DEBUG - processed_axle_numbers{'5', '1', '4', '3', '6', '2'}
2024-08-14 18:03:03,579 - app_event - DEBUG - known_axle_numbers{'5', '1', '4', '3', '6', '2'}
2024-08-14 18:03:03,579 - app_event - DEBUG - check_for_new_axle_no data = self.fetch_temperature[('2024_08_14_11_20_44_2000', '1', '12   7  21  11  405466000', 716, 34, 'Aug 14 2024 11:20AM'), ('2024_08_14_11_20_44_2000', '2', '12   7  21  12   39750000', 716, 0, 'Aug 14 2024 11:20AM'), ('2024_08_14_11_20_44_2000', '3', '12   7  21  12  544454000', 716, 34, 'Aug 14 2024 11:20AM'), ('2024_08_14_11_20_44_2000', '4', '12   7  21  15   79264000', 682, 0, 'Aug 14 2024 11:20AM'), ('2024_08_14_11_20_44_2000', '5', '12   7  21  15  648552000', 716, 34, 'Aug 14 2024 11:20AM'), ('2024_08_14_11_20_44_2000', '6', None, 716, 716, None)]
2024-08-14 18:03:08,587 - app_event - DEBUG - fetch_temperature monitor train2024_08_14_11_20_44_2000
2024-08-14 18:03:08,589 - app_event - DEBUG - Perform analysis periodically[('2024_08_14_11_20_44_2000', '1', '12   7  21  11  405466000', 716, 34, 'Aug 14 2024 11:20AM'), ('2024_08_14_11_20_44_2000', '2', '12   7  21  12   39750000', 716, 0, 'Aug 14 2024 11:20AM'), ('2024_08_14_11_20_44_2000', '3', '12   7  21  12  544454000', 716, 34, 'Aug 14 2024 11:20AM'), ('2024_08_14_11_20_44_2000', '4', '12   7  21  15   79264000', 682, 0, 'Aug 14 2024 11:20AM'), ('2024_08_14_11_20_44_2000', '5', '12   7  21  15  648552000', 716, 34, 'Aug 14 2024 11:20AM'), ('2024_08_14_11_20_44_2000', '6', None, 716, 716, None)]
2024-08-14 18:03:08,590 - app_event - DEBUG - fetch_temperature monitor train2024_08_14_11_20_44_2000
2024-08-14 18:03:08,591 - app_event - DEBUG - processed_axle_numbers{'5', '1', '4', '3', '6', '2'}
2024-08-14 18:03:08,591 - app_event - DEBUG - known_axle_numbers{'5', '1', '4', '3', '6', '2'}
2024-08-14 18:03:08,592 - app_event - DEBUG - check_for_new_axle_no data = self.fetch_temperature[('2024_08_14_11_20_44_2000', '1', '12   7  21  11  405466000', 716, 34, 'Aug 14 2024 11:20AM'), ('2024_08_14_11_20_44_2000', '2', '12   7  21  12   39750000', 716, 0, 'Aug 14 2024 11:20AM'), ('2024_08_14_11_20_44_2000', '3', '12   7  21  12  544454000', 716, 34, 'Aug 14 2024 11:20AM'), ('2024_08_14_11_20_44_2000', '4', '12   7  21  15   79264000', 682, 0, 'Aug 14 2024 11:20AM'), ('2024_08_14_11_20_44_2000', '5', '12   7  21  15  648552000', 716, 34, 'Aug 14 2024 11:20AM'), ('2024_08_14_11_20_44_2000', '6', None, 716, 716, None)]
2024-08-14 18:03:13,607 - app_event - DEBUG - fetch_temperature monitor train2024_08_14_11_20_44_2000
2024-08-14 18:03:13,608 - app_event - DEBUG - Perform analysis periodically[('2024_08_14_11_20_44_2000', '1', '12   7  21  11  405466000', 716, 34, 'Aug 14 2024 11:20AM'), ('2024_08_14_11_20_44_2000', '2', '12   7  21  12   39750000', 716, 0, 'Aug 14 2024 11:20AM'), ('2024_08_14_11_20_44_2000', '3', '12   7  21  12  544454000', 716, 34, 'Aug 14 2024 11:20AM'), ('2024_08_14_11_20_44_2000', '4', '12   7  21  15   79264000', 682, 0, 'Aug 14 2024 11:20AM'), ('2024_08_14_11_20_44_2000', '5', '12   7  21  15  648552000', 716, 34, 'Aug 14 2024 11:20AM'), ('2024_08_14_11_20_44_2000', '6', None, 716, 716, None)]
2024-08-14 18:03:13,609 - app_event - DEBUG - fetch_temperature monitor train2024_08_14_11_20_44_2000
2024-08-14 18:03:13,610 - app_event - DEBUG - processed_axle_numbers{'5', '1', '4', '3', '6', '2'}
2024-08-14 18:03:13,611 - app_event - DEBUG - known_axle_numbers{'5', '1', '4', '3', '6', '2'}
2024-08-14 18:03:13,611 - app_event - DEBUG - check_for_new_axle_no data = self.fetch_temperature[('2024_08_14_11_20_44_2000', '1', '12   7  21  11  405466000', 716, 34, 'Aug 14 2024 11:20AM'), ('2024_08_14_11_20_44_2000', '2', '12   7  21  12   39750000', 716, 0, 'Aug 14 2024 11:20AM'), ('2024_08_14_11_20_44_2000', '3', '12   7  21  12  544454000', 716, 34, 'Aug 14 2024 11:20AM'), ('2024_08_14_11_20_44_2000', '4', '12   7  21  15   79264000', 682, 0, 'Aug 14 2024 11:20AM'), ('2024_08_14_11_20_44_2000', '5', '12   7  21  15  648552000', 716, 34, 'Aug 14 2024 11:20AM'), ('2024_08_14_11_20_44_2000', '6', None, 716, 716, None)]
2024-08-14 18:03:18,627 - app_event - DEBUG - fetch_temperature monitor train2024_08_14_11_20_44_2000
2024-08-14 18:03:18,628 - app_event - DEBUG - Perform analysis periodically[('2024_08_14_11_20_44_2000', '1', '12   7  21  11  405466000', 716, 34, 'Aug 14 2024 11:20AM'), ('2024_08_14_11_20_44_2000', '2', '12   7  21  12   39750000', 716, 0, 'Aug 14 2024 11:20AM'), ('2024_08_14_11_20_44_2000', '3', '12   7  21  12  544454000', 716, 34, 'Aug 14 2024 11:20AM'), ('2024_08_14_11_20_44_2000', '4', '12   7  21  15   79264000', 682, 0, 'Aug 14 2024 11:20AM'), ('2024_08_14_11_20_44_2000', '5', '12   7  21  15  648552000', 716, 34, 'Aug 14 2024 11:20AM'), ('2024_08_14_11_20_44_2000', '6', None, 716, 716, None)]
2024-08-14 18:03:18,629 - app_event - DEBUG - fetch_temperature monitor train2024_08_14_11_20_44_2000
2024-08-14 18:03:18,630 - app_event - DEBUG - processed_axle_numbers{'5', '1', '4', '3', '6', '2'}
2024-08-14 18:03:18,631 - app_event - DEBUG - known_axle_numbers{'5', '1', '4', '3', '6', '2'}
2024-08-14 18:03:18,632 - app_event - DEBUG - check_for_new_axle_no data = self.fetch_temperature[('2024_08_14_11_20_44_2000', '1', '12   7  21  11  405466000', 716, 34, 'Aug 14 2024 11:20AM'), ('2024_08_14_11_20_44_2000', '2', '12   7  21  12   39750000', 716, 0, 'Aug 14 2024 11:20AM'), ('2024_08_14_11_20_44_2000', '3', '12   7  21  12  544454000', 716, 34, 'Aug 14 2024 11:20AM'), ('2024_08_14_11_20_44_2000', '4', '12   7  21  15   79264000', 682, 0, 'Aug 14 2024 11:20AM'), ('2024_08_14_11_20_44_2000', '5', '12   7  21  15  648552000', 716, 34, 'Aug 14 2024 11:20AM'), ('2024_08_14_11_20_44_2000', '6', None, 716, 716, None)]
2024-08-14 18:03:23,648 - app_event - DEBUG - fetch_temperature monitor train2024_08_14_11_20_44_2000
2024-08-14 18:03:23,649 - app_event - DEBUG - Perform analysis periodically[('2024_08_14_11_20_44_2000', '1', '12   7  21  11  405466000', 716, 34, 'Aug 14 2024 11:20AM'), ('2024_08_14_11_20_44_2000', '2', '12   7  21  12   39750000', 716, 0, 'Aug 14 2024 11:20AM'), ('2024_08_14_11_20_44_2000', '3', '12   7  21  12  544454000', 716, 34, 'Aug 14 2024 11:20AM'), ('2024_08_14_11_20_44_2000', '4', '12   7  21  15   79264000', 682, 0, 'Aug 14 2024 11:20AM'), ('2024_08_14_11_20_44_2000', '5', '12   7  21  15  648552000', 716, 34, 'Aug 14 2024 11:20AM'), ('2024_08_14_11_20_44_2000', '6', None, 716, 716, None)]
2024-08-14 18:03:23,651 - app_event - DEBUG - fetch_temperature monitor train2024_08_14_11_20_44_2000
2024-08-14 18:03:23,651 - app_event - DEBUG - processed_axle_numbers{'5', '1', '4', '3', '6', '2'}
2024-08-14 18:03:23,652 - app_event - DEBUG - known_axle_numbers{'5', '1', '4', '3', '6', '2'}
2024-08-14 18:03:23,653 - app_event - DEBUG - check_for_new_axle_no data = self.fetch_temperature[('2024_08_14_11_20_44_2000', '1', '12   7  21  11  405466000', 716, 34, 'Aug 14 2024 11:20AM'), ('2024_08_14_11_20_44_2000', '2', '12   7  21  12   39750000', 716, 0, 'Aug 14 2024 11:20AM'), ('2024_08_14_11_20_44_2000', '3', '12   7  21  12  544454000', 716, 34, 'Aug 14 2024 11:20AM'), ('2024_08_14_11_20_44_2000', '4', '12   7  21  15   79264000', 682, 0, 'Aug 14 2024 11:20AM'), ('2024_08_14_11_20_44_2000', '5', '12   7  21  15  648552000', 716, 34, 'Aug 14 2024 11:20AM'), ('2024_08_14_11_20_44_2000', '6', None, 716, 716, None)]
2024-08-14 18:03:28,690 - app_event - DEBUG - fetch_temperature monitor train2024_08_14_11_20_44_2000
2024-08-14 18:03:28,828 - app_event - DEBUG - Perform analysis periodically[('2024_08_14_11_20_44_2000', '1', '12   7  21  11  405466000', 716, 34, 'Aug 14 2024 11:20AM'), ('2024_08_14_11_20_44_2000', '2', '12   7  21  12   39750000', 716, 0, 'Aug 14 2024 11:20AM'), ('2024_08_14_11_20_44_2000', '3', '12   7  21  12  544454000', 716, 34, 'Aug 14 2024 11:20AM'), ('2024_08_14_11_20_44_2000', '4', '12   7  21  15   79264000', 682, 0, 'Aug 14 2024 11:20AM'), ('2024_08_14_11_20_44_2000', '5', '12   7  21  15  648552000', 716, 34, 'Aug 14 2024 11:20AM'), ('2024_08_14_11_20_44_2000', '6', None, 716, 716, None)]
2024-08-14 18:03:28,858 - app_event - DEBUG - fetch_temperature monitor train2024_08_14_11_20_44_2000
2024-08-14 18:03:28,874 - app_event - DEBUG - processed_axle_numbers{'5', '1', '4', '3', '6', '2'}
2024-08-14 18:03:28,907 - app_event - DEBUG - known_axle_numbers{'5', '1', '4', '3', '6', '2'}
2024-08-14 18:03:28,924 - app_event - DEBUG - check_for_new_axle_no data = self.fetch_temperature[('2024_08_14_11_20_44_2000', '1', '12   7  21  11  405466000', 716, 34, 'Aug 14 2024 11:20AM'), ('2024_08_14_11_20_44_2000', '2', '12   7  21  12   39750000', 716, 0, 'Aug 14 2024 11:20AM'), ('2024_08_14_11_20_44_2000', '3', '12   7  21  12  544454000', 716, 34, 'Aug 14 2024 11:20AM'), ('2024_08_14_11_20_44_2000', '4', '12   7  21  15   79264000', 682, 0, 'Aug 14 2024 11:20AM'), ('2024_08_14_11_20_44_2000', '5', '12   7  21  15  648552000', 716, 34, 'Aug 14 2024 11:20AM'), ('2024_08_14_11_20_44_2000', '6', None, 716, 716, None)]
