2024-08-16 16:04:44,000 - app_event - INFO - Train_Start_NodeId value: True
2024-08-16 16:04:47,963 - app_event - INFO - received train_id from main fetch_temperature=2024_08_16_16_03_24_2000
2024-08-16 16:04:47,991 - app_event - DEBUG - Fetched temperature data: [('2024_08_16_16_03_24_2000', '11', '15   5  16  43  665576000', 716, 0, 'Aug 16 2024  4:03PM'), ('2024_08_16_16_03_24_2000', '12', '15   5  16  45  452321000', 716, 34, 'Aug 16 2024  4:03PM'), ('2024_08_16_16_03_24_2000', '1', '15   5  16  37  236633000', 716, 34, 'Aug 16 2024  4:04PM'), ('2024_08_16_16_03_24_2000', '2', '15   5  16  37  869504000', 716, 0, 'Aug 16 2024  4:04PM'), ('2024_08_16_16_03_24_2000', '3', '15   5  16  38  557853000', 716, 0, 'Aug 16 2024  4:04PM'), ('2024_08_16_16_03_24_2000', '4', '15   5  16  39  134662000', 716, 0, 'Aug 16 2024  4:04PM'), ('2024_08_16_16_03_24_2000', '5', '15   5  16  39  778767000', 716, 0, 'Aug 16 2024  4:04PM'), ('2024_08_16_16_03_24_2000', '6', '15   5  16  40  433859000', 716, 0, 'Aug 16 2024  4:04PM'), ('2024_08_16_16_03_24_2000', '7', '15   5  16  41   76249000', 716, 0, 'Aug 16 2024  4:04PM'), ('2024_08_16_16_03_24_2000', '8', '15   5  16  41  698878000', 716, 0, 'Aug 16 2024  4:04PM'), ('2024_08_16_16_03_24_2000', '9', '15   5  16  42  319779000', 716, 34, 'Aug 16 2024  4:04PM'), ('2024_08_16_16_03_24_2000', '10', '15   5  16  42  965710000', 716, 0, 'Aug 16 2024  4:04PM')]
2024-08-16 16:04:47,998 - app_event - DEBUG - Identified new axles: []
2024-08-16 16:04:47,999 - app_event - DEBUG - Updated known_axle_numbers: {'5', '2', '9', '7', '12', '3', '6', '8', '10', '4', '1', '11'}
2024-08-16 16:04:47,999 - app_event - DEBUG - Processed axle numbers: {'5', '2', '9', '7', '12', '3', '6', '8', '10', '4', '1', '11'}
2024-08-16 16:04:48,000 - app_event - DEBUG - last_analysis_time1723804482.6756282
2024-08-16 16:04:48,000 - app_event - DEBUG - new axle detected[]
2024-08-16 16:04:48,002 - app_event - DEBUG - Perform analysis periodically[('2024_08_16_16_03_24_2000', '11', '15   5  16  43  665576000', 716, 0, 'Aug 16 2024  4:03PM'), ('2024_08_16_16_03_24_2000', '12', '15   5  16  45  452321000', 716, 34, 'Aug 16 2024  4:03PM'), ('2024_08_16_16_03_24_2000', '1', '15   5  16  37  236633000', 716, 34, 'Aug 16 2024  4:04PM'), ('2024_08_16_16_03_24_2000', '2', '15   5  16  37  869504000', 716, 0, 'Aug 16 2024  4:04PM'), ('2024_08_16_16_03_24_2000', '3', '15   5  16  38  557853000', 716, 0, 'Aug 16 2024  4:04PM'), ('2024_08_16_16_03_24_2000', '4', '15   5  16  39  134662000', 716, 0, 'Aug 16 2024  4:04PM'), ('2024_08_16_16_03_24_2000', '5', '15   5  16  39  778767000', 716, 0, 'Aug 16 2024  4:04PM'), ('2024_08_16_16_03_24_2000', '6', '15   5  16  40  433859000', 716, 0, 'Aug 16 2024  4:04PM'), ('2024_08_16_16_03_24_2000', '7', '15   5  16  41   76249000', 716, 0, 'Aug 16 2024  4:04PM'), ('2024_08_16_16_03_24_2000', '8', '15   5  16  41  698878000', 716, 0, 'Aug 16 2024  4:04PM'), ('2024_08_16_16_03_24_2000', '9', '15   5  16  42  319779000', 716, 34, 'Aug 16 2024  4:04PM'), ('2024_08_16_16_03_24_2000', '10', '15   5  16  42  965710000', 716, 0, 'Aug 16 2024  4:04PM')]
2024-08-16 16:04:48,004 - app_event - DEBUG - fetch_temperature monitor train2024_08_16_16_03_24_2000
2024-08-16 16:04:48,005 - app_event - DEBUG - processed_axle_numbers{'5', '2', '9', '7', '12', '3', '6', '8', '10', '4', '1', '11'}
2024-08-16 16:04:48,007 - app_event - DEBUG - known_axle_numbers{'5', '2', '9', '7', '12', '3', '6', '8', '10', '4', '1', '11'}
2024-08-16 16:04:48,008 - app_event - DEBUG - check_for_new_axle_no data = self.fetch_temperature[('2024_08_16_16_03_24_2000', '11', '15   5  16  43  665576000', 716, 0, 'Aug 16 2024  4:03PM'), ('2024_08_16_16_03_24_2000', '12', '15   5  16  45  452321000', 716, 34, 'Aug 16 2024  4:03PM'), ('2024_08_16_16_03_24_2000', '1', '15   5  16  37  236633000', 716, 34, 'Aug 16 2024  4:04PM'), ('2024_08_16_16_03_24_2000', '2', '15   5  16  37  869504000', 716, 0, 'Aug 16 2024  4:04PM'), ('2024_08_16_16_03_24_2000', '3', '15   5  16  38  557853000', 716, 0, 'Aug 16 2024  4:04PM'), ('2024_08_16_16_03_24_2000', '4', '15   5  16  39  134662000', 716, 0, 'Aug 16 2024  4:04PM'), ('2024_08_16_16_03_24_2000', '5', '15   5  16  39  778767000', 716, 0, 'Aug 16 2024  4:04PM'), ('2024_08_16_16_03_24_2000', '6', '15   5  16  40  433859000', 716, 0, 'Aug 16 2024  4:04PM'), ('2024_08_16_16_03_24_2000', '7', '15   5  16  41   76249000', 716, 0, 'Aug 16 2024  4:04PM'), ('2024_08_16_16_03_24_2000', '8', '15   5  16  41  698878000', 716, 0, 'Aug 16 2024  4:04PM'), ('2024_08_16_16_03_24_2000', '9', '15   5  16  42  319779000', 716, 34, 'Aug 16 2024  4:04PM'), ('2024_08_16_16_03_24_2000', '10', '15   5  16  42  965710000', 716, 0, 'Aug 16 2024  4:04PM')]
2024-08-16 16:04:53,025 - app_event - INFO - received train_id from main fetch_temperature=2024_08_16_16_03_24_2000
2024-08-16 16:04:53,028 - app_event - DEBUG - Fetched temperature data: [('2024_08_16_16_03_24_2000', '11', '15   5  16  43  665576000', 716, 0, 'Aug 16 2024  4:03PM'), ('2024_08_16_16_03_24_2000', '12', '15   5  16  45  452321000', 716, 34, 'Aug 16 2024  4:03PM'), ('2024_08_16_16_03_24_2000', '1', '15   5  16  37  236633000', 716, 34, 'Aug 16 2024  4:04PM'), ('2024_08_16_16_03_24_2000', '2', '15   5  16  37  869504000', 716, 0, 'Aug 16 2024  4:04PM'), ('2024_08_16_16_03_24_2000', '3', '15   5  16  38  557853000', 716, 0, 'Aug 16 2024  4:04PM'), ('2024_08_16_16_03_24_2000', '4', '15   5  16  39  134662000', 716, 0, 'Aug 16 2024  4:04PM'), ('2024_08_16_16_03_24_2000', '5', '15   5  16  39  778767000', 716, 0, 'Aug 16 2024  4:04PM'), ('2024_08_16_16_03_24_2000', '6', '15   5  16  40  433859000', 716, 0, 'Aug 16 2024  4:04PM'), ('2024_08_16_16_03_24_2000', '7', '15   5  16  41   76249000', 716, 0, 'Aug 16 2024  4:04PM'), ('2024_08_16_16_03_24_2000', '8', '15   5  16  41  698878000', 716, 0, 'Aug 16 2024  4:04PM'), ('2024_08_16_16_03_24_2000', '9', '15   5  16  42  319779000', 716, 34, 'Aug 16 2024  4:04PM'), ('2024_08_16_16_03_24_2000', '10', '15   5  16  42  965710000', 716, 0, 'Aug 16 2024  4:04PM')]
2024-08-16 16:04:53,031 - app_event - DEBUG - Identified new axles: []
2024-08-16 16:04:53,032 - app_event - DEBUG - Updated known_axle_numbers: {'5', '2', '9', '7', '12', '3', '6', '8', '10', '4', '1', '11'}
2024-08-16 16:04:53,033 - app_event - DEBUG - Processed axle numbers: {'5', '2', '9', '7', '12', '3', '6', '8', '10', '4', '1', '11'}
2024-08-16 16:04:53,035 - app_event - DEBUG - last_analysis_time1723804488.0049686
2024-08-16 16:04:53,036 - app_event - DEBUG - new axle detected[]
2024-08-16 16:04:53,037 - app_event - DEBUG - Perform analysis periodically[('2024_08_16_16_03_24_2000', '11', '15   5  16  43  665576000', 716, 0, 'Aug 16 2024  4:03PM'), ('2024_08_16_16_03_24_2000', '12', '15   5  16  45  452321000', 716, 34, 'Aug 16 2024  4:03PM'), ('2024_08_16_16_03_24_2000', '1', '15   5  16  37  236633000', 716, 34, 'Aug 16 2024  4:04PM'), ('2024_08_16_16_03_24_2000', '2', '15   5  16  37  869504000', 716, 0, 'Aug 16 2024  4:04PM'), ('2024_08_16_16_03_24_2000', '3', '15   5  16  38  557853000', 716, 0, 'Aug 16 2024  4:04PM'), ('2024_08_16_16_03_24_2000', '4', '15   5  16  39  134662000', 716, 0, 'Aug 16 2024  4:04PM'), ('2024_08_16_16_03_24_2000', '5', '15   5  16  39  778767000', 716, 0, 'Aug 16 2024  4:04PM'), ('2024_08_16_16_03_24_2000', '6', '15   5  16  40  433859000', 716, 0, 'Aug 16 2024  4:04PM'), ('2024_08_16_16_03_24_2000', '7', '15   5  16  41   76249000', 716, 0, 'Aug 16 2024  4:04PM'), ('2024_08_16_16_03_24_2000', '8', '15   5  16  41  698878000', 716, 0, 'Aug 16 2024  4:04PM'), ('2024_08_16_16_03_24_2000', '9', '15   5  16  42  319779000', 716, 34, 'Aug 16 2024  4:04PM'), ('2024_08_16_16_03_24_2000', '10', '15   5  16  42  965710000', 716, 0, 'Aug 16 2024  4:04PM')]
2024-08-16 16:04:53,039 - app_event - DEBUG - fetch_temperature monitor train2024_08_16_16_03_24_2000
2024-08-16 16:04:53,040 - app_event - DEBUG - processed_axle_numbers{'5', '2', '9', '7', '12', '3', '6', '8', '10', '4', '1', '11'}
2024-08-16 16:04:53,041 - app_event - DEBUG - known_axle_numbers{'5', '2', '9', '7', '12', '3', '6', '8', '10', '4', '1', '11'}
2024-08-16 16:04:53,042 - app_event - DEBUG - check_for_new_axle_no data = self.fetch_temperature[('2024_08_16_16_03_24_2000', '11', '15   5  16  43  665576000', 716, 0, 'Aug 16 2024  4:03PM'), ('2024_08_16_16_03_24_2000', '12', '15   5  16  45  452321000', 716, 34, 'Aug 16 2024  4:03PM'), ('2024_08_16_16_03_24_2000', '1', '15   5  16  37  236633000', 716, 34, 'Aug 16 2024  4:04PM'), ('2024_08_16_16_03_24_2000', '2', '15   5  16  37  869504000', 716, 0, 'Aug 16 2024  4:04PM'), ('2024_08_16_16_03_24_2000', '3', '15   5  16  38  557853000', 716, 0, 'Aug 16 2024  4:04PM'), ('2024_08_16_16_03_24_2000', '4', '15   5  16  39  134662000', 716, 0, 'Aug 16 2024  4:04PM'), ('2024_08_16_16_03_24_2000', '5', '15   5  16  39  778767000', 716, 0, 'Aug 16 2024  4:04PM'), ('2024_08_16_16_03_24_2000', '6', '15   5  16  40  433859000', 716, 0, 'Aug 16 2024  4:04PM'), ('2024_08_16_16_03_24_2000', '7', '15   5  16  41   76249000', 716, 0, 'Aug 16 2024  4:04PM'), ('2024_08_16_16_03_24_2000', '8', '15   5  16  41  698878000', 716, 0, 'Aug 16 2024  4:04PM'), ('2024_08_16_16_03_24_2000', '9', '15   5  16  42  319779000', 716, 34, 'Aug 16 2024  4:04PM'), ('2024_08_16_16_03_24_2000', '10', '15   5  16  42  965710000', 716, 0, 'Aug 16 2024  4:04PM')]
2024-08-16 16:04:58,049 - app_event - INFO - received train_id from main fetch_temperature=2024_08_16_16_03_24_2000
2024-08-16 16:04:58,052 - app_event - DEBUG - Fetched temperature data: [('2024_08_16_16_03_24_2000', '11', '15   5  16  43  665576000', 716, 0, 'Aug 16 2024  4:03PM'), ('2024_08_16_16_03_24_2000', '12', '15   5  16  45  452321000', 716, 34, 'Aug 16 2024  4:03PM'), ('2024_08_16_16_03_24_2000', '1', '15   5  16  37  236633000', 716, 34, 'Aug 16 2024  4:04PM'), ('2024_08_16_16_03_24_2000', '2', '15   5  16  37  869504000', 716, 0, 'Aug 16 2024  4:04PM'), ('2024_08_16_16_03_24_2000', '3', '15   5  16  38  557853000', 716, 0, 'Aug 16 2024  4:04PM'), ('2024_08_16_16_03_24_2000', '4', '15   5  16  39  134662000', 716, 0, 'Aug 16 2024  4:04PM'), ('2024_08_16_16_03_24_2000', '5', '15   5  16  39  778767000', 716, 0, 'Aug 16 2024  4:04PM'), ('2024_08_16_16_03_24_2000', '6', '15   5  16  40  433859000', 716, 0, 'Aug 16 2024  4:04PM'), ('2024_08_16_16_03_24_2000', '7', '15   5  16  41   76249000', 716, 0, 'Aug 16 2024  4:04PM'), ('2024_08_16_16_03_24_2000', '8', '15   5  16  41  698878000', 716, 0, 'Aug 16 2024  4:04PM'), ('2024_08_16_16_03_24_2000', '9', '15   5  16  42  319779000', 716, 34, 'Aug 16 2024  4:04PM'), ('2024_08_16_16_03_24_2000', '10', '15   5  16  42  965710000', 716, 0, 'Aug 16 2024  4:04PM')]
2024-08-16 16:04:58,055 - app_event - DEBUG - Identified new axles: []
2024-08-16 16:04:58,055 - app_event - DEBUG - Updated known_axle_numbers: {'5', '2', '9', '7', '12', '3', '6', '8', '10', '4', '1', '11'}
2024-08-16 16:04:58,056 - app_event - DEBUG - Processed axle numbers: {'5', '2', '9', '7', '12', '3', '6', '8', '10', '4', '1', '11'}
2024-08-16 16:04:58,057 - app_event - DEBUG - last_analysis_time1723804493.0392654
2024-08-16 16:04:58,058 - app_event - DEBUG - new axle detected[]
2024-08-16 16:04:58,059 - app_event - DEBUG - Perform analysis periodically[('2024_08_16_16_03_24_2000', '11', '15   5  16  43  665576000', 716, 0, 'Aug 16 2024  4:03PM'), ('2024_08_16_16_03_24_2000', '12', '15   5  16  45  452321000', 716, 34, 'Aug 16 2024  4:03PM'), ('2024_08_16_16_03_24_2000', '1', '15   5  16  37  236633000', 716, 34, 'Aug 16 2024  4:04PM'), ('2024_08_16_16_03_24_2000', '2', '15   5  16  37  869504000', 716, 0, 'Aug 16 2024  4:04PM'), ('2024_08_16_16_03_24_2000', '3', '15   5  16  38  557853000', 716, 0, 'Aug 16 2024  4:04PM'), ('2024_08_16_16_03_24_2000', '4', '15   5  16  39  134662000', 716, 0, 'Aug 16 2024  4:04PM'), ('2024_08_16_16_03_24_2000', '5', '15   5  16  39  778767000', 716, 0, 'Aug 16 2024  4:04PM'), ('2024_08_16_16_03_24_2000', '6', '15   5  16  40  433859000', 716, 0, 'Aug 16 2024  4:04PM'), ('2024_08_16_16_03_24_2000', '7', '15   5  16  41   76249000', 716, 0, 'Aug 16 2024  4:04PM'), ('2024_08_16_16_03_24_2000', '8', '15   5  16  41  698878000', 716, 0, 'Aug 16 2024  4:04PM'), ('2024_08_16_16_03_24_2000', '9', '15   5  16  42  319779000', 716, 34, 'Aug 16 2024  4:04PM'), ('2024_08_16_16_03_24_2000', '10', '15   5  16  42  965710000', 716, 0, 'Aug 16 2024  4:04PM')]
2024-08-16 16:04:58,062 - app_event - DEBUG - fetch_temperature monitor train2024_08_16_16_03_24_2000
2024-08-16 16:04:58,063 - app_event - DEBUG - processed_axle_numbers{'5', '2', '9', '7', '12', '3', '6', '8', '10', '4', '1', '11'}
2024-08-16 16:04:58,064 - app_event - DEBUG - known_axle_numbers{'5', '2', '9', '7', '12', '3', '6', '8', '10', '4', '1', '11'}
2024-08-16 16:04:58,064 - app_event - DEBUG - check_for_new_axle_no data = self.fetch_temperature[('2024_08_16_16_03_24_2000', '11', '15   5  16  43  665576000', 716, 0, 'Aug 16 2024  4:03PM'), ('2024_08_16_16_03_24_2000', '12', '15   5  16  45  452321000', 716, 34, 'Aug 16 2024  4:03PM'), ('2024_08_16_16_03_24_2000', '1', '15   5  16  37  236633000', 716, 34, 'Aug 16 2024  4:04PM'), ('2024_08_16_16_03_24_2000', '2', '15   5  16  37  869504000', 716, 0, 'Aug 16 2024  4:04PM'), ('2024_08_16_16_03_24_2000', '3', '15   5  16  38  557853000', 716, 0, 'Aug 16 2024  4:04PM'), ('2024_08_16_16_03_24_2000', '4', '15   5  16  39  134662000', 716, 0, 'Aug 16 2024  4:04PM'), ('2024_08_16_16_03_24_2000', '5', '15   5  16  39  778767000', 716, 0, 'Aug 16 2024  4:04PM'), ('2024_08_16_16_03_24_2000', '6', '15   5  16  40  433859000', 716, 0, 'Aug 16 2024  4:04PM'), ('2024_08_16_16_03_24_2000', '7', '15   5  16  41   76249000', 716, 0, 'Aug 16 2024  4:04PM'), ('2024_08_16_16_03_24_2000', '8', '15   5  16  41  698878000', 716, 0, 'Aug 16 2024  4:04PM'), ('2024_08_16_16_03_24_2000', '9', '15   5  16  42  319779000', 716, 34, 'Aug 16 2024  4:04PM'), ('2024_08_16_16_03_24_2000', '10', '15   5  16  42  965710000', 716, 0, 'Aug 16 2024  4:04PM')]
2024-08-16 16:05:03,071 - app_event - INFO - received train_id from main fetch_temperature=2024_08_16_16_03_24_2000
2024-08-16 16:05:03,073 - app_event - DEBUG - Fetched temperature data: [('2024_08_16_16_03_24_2000', '11', '15   5  16  43  665576000', 716, 0, 'Aug 16 2024  4:03PM'), ('2024_08_16_16_03_24_2000', '12', '15   5  16  45  452321000', 716, 34, 'Aug 16 2024  4:03PM'), ('2024_08_16_16_03_24_2000', '1', '15   5  16  37  236633000', 716, 34, 'Aug 16 2024  4:04PM'), ('2024_08_16_16_03_24_2000', '2', '15   5  16  37  869504000', 716, 0, 'Aug 16 2024  4:04PM'), ('2024_08_16_16_03_24_2000', '3', '15   5  16  38  557853000', 716, 0, 'Aug 16 2024  4:04PM'), ('2024_08_16_16_03_24_2000', '4', '15   5  16  39  134662000', 716, 0, 'Aug 16 2024  4:04PM'), ('2024_08_16_16_03_24_2000', '5', '15   5  16  39  778767000', 716, 0, 'Aug 16 2024  4:04PM'), ('2024_08_16_16_03_24_2000', '6', '15   5  16  40  433859000', 716, 0, 'Aug 16 2024  4:04PM'), ('2024_08_16_16_03_24_2000', '7', '15   5  16  41   76249000', 716, 0, 'Aug 16 2024  4:04PM'), ('2024_08_16_16_03_24_2000', '8', '15   5  16  41  698878000', 716, 0, 'Aug 16 2024  4:04PM'), ('2024_08_16_16_03_24_2000', '9', '15   5  16  42  319779000', 716, 34, 'Aug 16 2024  4:04PM'), ('2024_08_16_16_03_24_2000', '10', '15   5  16  42  965710000', 716, 0, 'Aug 16 2024  4:04PM')]
2024-08-16 16:05:03,077 - app_event - DEBUG - Identified new axles: []
2024-08-16 16:05:03,078 - app_event - DEBUG - Updated known_axle_numbers: {'5', '2', '9', '7', '12', '3', '6', '8', '10', '4', '1', '11'}
2024-08-16 16:05:03,079 - app_event - DEBUG - Processed axle numbers: {'5', '2', '9', '7', '12', '3', '6', '8', '10', '4', '1', '11'}
2024-08-16 16:05:03,080 - app_event - DEBUG - last_analysis_time1723804498.0625007
2024-08-16 16:05:03,080 - app_event - DEBUG - new axle detected[]
2024-08-16 16:05:03,081 - app_event - DEBUG - Perform analysis periodically[('2024_08_16_16_03_24_2000', '11', '15   5  16  43  665576000', 716, 0, 'Aug 16 2024  4:03PM'), ('2024_08_16_16_03_24_2000', '12', '15   5  16  45  452321000', 716, 34, 'Aug 16 2024  4:03PM'), ('2024_08_16_16_03_24_2000', '1', '15   5  16  37  236633000', 716, 34, 'Aug 16 2024  4:04PM'), ('2024_08_16_16_03_24_2000', '2', '15   5  16  37  869504000', 716, 0, 'Aug 16 2024  4:04PM'), ('2024_08_16_16_03_24_2000', '3', '15   5  16  38  557853000', 716, 0, 'Aug 16 2024  4:04PM'), ('2024_08_16_16_03_24_2000', '4', '15   5  16  39  134662000', 716, 0, 'Aug 16 2024  4:04PM'), ('2024_08_16_16_03_24_2000', '5', '15   5  16  39  778767000', 716, 0, 'Aug 16 2024  4:04PM'), ('2024_08_16_16_03_24_2000', '6', '15   5  16  40  433859000', 716, 0, 'Aug 16 2024  4:04PM'), ('2024_08_16_16_03_24_2000', '7', '15   5  16  41   76249000', 716, 0, 'Aug 16 2024  4:04PM'), ('2024_08_16_16_03_24_2000', '8', '15   5  16  41  698878000', 716, 0, 'Aug 16 2024  4:04PM'), ('2024_08_16_16_03_24_2000', '9', '15   5  16  42  319779000', 716, 34, 'Aug 16 2024  4:04PM'), ('2024_08_16_16_03_24_2000', '10', '15   5  16  42  965710000', 716, 0, 'Aug 16 2024  4:04PM')]
2024-08-16 16:05:03,084 - app_event - DEBUG - fetch_temperature monitor train2024_08_16_16_03_24_2000
2024-08-16 16:05:03,084 - app_event - DEBUG - processed_axle_numbers{'5', '2', '9', '7', '12', '3', '6', '8', '10', '4', '1', '11'}
2024-08-16 16:05:03,085 - app_event - DEBUG - known_axle_numbers{'5', '2', '9', '7', '12', '3', '6', '8', '10', '4', '1', '11'}
2024-08-16 16:05:03,086 - app_event - DEBUG - check_for_new_axle_no data = self.fetch_temperature[('2024_08_16_16_03_24_2000', '11', '15   5  16  43  665576000', 716, 0, 'Aug 16 2024  4:03PM'), ('2024_08_16_16_03_24_2000', '12', '15   5  16  45  452321000', 716, 34, 'Aug 16 2024  4:03PM'), ('2024_08_16_16_03_24_2000', '1', '15   5  16  37  236633000', 716, 34, 'Aug 16 2024  4:04PM'), ('2024_08_16_16_03_24_2000', '2', '15   5  16  37  869504000', 716, 0, 'Aug 16 2024  4:04PM'), ('2024_08_16_16_03_24_2000', '3', '15   5  16  38  557853000', 716, 0, 'Aug 16 2024  4:04PM'), ('2024_08_16_16_03_24_2000', '4', '15   5  16  39  134662000', 716, 0, 'Aug 16 2024  4:04PM'), ('2024_08_16_16_03_24_2000', '5', '15   5  16  39  778767000', 716, 0, 'Aug 16 2024  4:04PM'), ('2024_08_16_16_03_24_2000', '6', '15   5  16  40  433859000', 716, 0, 'Aug 16 2024  4:04PM'), ('2024_08_16_16_03_24_2000', '7', '15   5  16  41   76249000', 716, 0, 'Aug 16 2024  4:04PM'), ('2024_08_16_16_03_24_2000', '8', '15   5  16  41  698878000', 716, 0, 'Aug 16 2024  4:04PM'), ('2024_08_16_16_03_24_2000', '9', '15   5  16  42  319779000', 716, 34, 'Aug 16 2024  4:04PM'), ('2024_08_16_16_03_24_2000', '10', '15   5  16  42  965710000', 716, 0, 'Aug 16 2024  4:04PM')]
2024-08-16 16:15:03,572 - app_event - INFO - Train_Start_NodeId value: True
2024-08-16 16:15:23,287 - app_event - INFO - Train_Start_NodeId value: True
2024-08-16 16:15:43,276 - app_event - INFO - Train_Start_NodeId value: True
2024-08-16 16:16:02,817 - app_event - INFO - Train_Start_NodeId value: True
2024-08-16 16:16:22,671 - app_event - INFO - Train_Start_NodeId value: True
2024-08-16 16:16:42,395 - app_event - INFO - Train_Start_NodeId value: False
2024-08-16 16:17:02,142 - app_event - INFO - Train_Start_NodeId value: True
2024-08-16 16:17:20,821 - app_event - INFO - Train_Start_NodeId value: True
2024-08-16 16:17:39,534 - app_event - INFO - Train_Start_NodeId value: True
2024-08-16 16:17:58,429 - app_event - INFO - Train_Start_NodeId value: True
2024-08-16 16:18:17,301 - app_event - INFO - Train_Start_NodeId value: True
2024-08-16 16:18:35,887 - app_event - INFO - Train_Start_NodeId value: True
2024-08-16 16:18:54,542 - app_event - INFO - Train_Start_NodeId value: True
2024-08-16 16:19:13,406 - app_event - INFO - Train_Start_NodeId value: True
2024-08-16 16:19:32,243 - app_event - INFO - Train_Start_NodeId value: True
2024-08-16 16:19:50,913 - app_event - INFO - Train_Start_NodeId value: True
2024-08-16 16:20:09,842 - app_event - INFO - Train_Start_NodeId value: True
2024-08-16 16:20:28,508 - app_event - INFO - Train_Start_NodeId value: True
2024-08-16 16:20:48,119 - app_event - INFO - Train_Start_NodeId value: True
2024-08-16 16:21:06,867 - app_event - INFO - Train_Start_NodeId value: True
2024-08-16 16:21:25,641 - app_event - INFO - Train_Start_NodeId value: True
2024-08-16 16:21:44,254 - app_event - INFO - Train_Start_NodeId value: True
2024-08-16 16:22:02,905 - app_event - INFO - Train_Start_NodeId value: True
2024-08-16 16:22:21,763 - app_event - INFO - Train_Start_NodeId value: True
2024-08-16 16:22:40,594 - app_event - INFO - Train_Start_NodeId value: True
2024-08-16 16:22:59,414 - app_event - INFO - Train_Start_NodeId value: True
2024-08-16 16:23:18,238 - app_event - INFO - Train_Start_NodeId value: True
2024-08-16 16:23:37,124 - app_event - INFO - Train_Start_NodeId value: True
2024-08-16 16:23:55,877 - app_event - INFO - Train_Start_NodeId value: True
2024-08-16 16:24:15,049 - app_event - INFO - Train_Start_NodeId value: True
2024-08-16 16:24:33,981 - app_event - INFO - Train_Start_NodeId value: True
2024-08-16 16:24:52,899 - app_event - INFO - Train_Start_NodeId value: True
2024-08-16 16:25:11,797 - app_event - INFO - Train_Start_NodeId value: True
2024-08-16 16:25:30,795 - app_event - INFO - Train_Start_NodeId value: True
2024-08-16 16:25:49,612 - app_event - INFO - Train_Start_NodeId value: True
2024-08-16 16:26:08,452 - app_event - INFO - Train_Start_NodeId value: True
2024-08-16 16:26:27,195 - app_event - INFO - Train_Start_NodeId value: True
2024-08-16 16:26:45,973 - app_event - INFO - Train_Start_NodeId value: True
2024-08-16 16:27:04,754 - app_event - INFO - Train_Start_NodeId value: True
2024-08-16 16:27:23,622 - app_event - INFO - Train_Start_NodeId value: True
2024-08-16 16:27:42,213 - app_event - INFO - Train_Start_NodeId value: True
2024-08-16 16:28:01,000 - app_event - INFO - Train_Start_NodeId value: True
2024-08-16 16:28:19,774 - app_event - INFO - Train_Start_NodeId value: True
2024-08-16 16:28:38,544 - app_event - INFO - Train_Start_NodeId value: True
2024-08-16 16:28:57,299 - app_event - INFO - Train_Start_NodeId value: True
2024-08-16 16:29:16,057 - app_event - INFO - Train_Start_NodeId value: True
2024-08-16 16:29:34,511 - app_event - INFO - Train_Start_NodeId value: True
2024-08-16 16:29:53,193 - app_event - INFO - Train_Start_NodeId value: True
2024-08-16 16:30:12,042 - app_event - INFO - Train_Start_NodeId value: True
2024-08-16 16:30:30,789 - app_event - INFO - Train_Start_NodeId value: True
2024-08-16 16:30:49,625 - app_event - INFO - Train_Start_NodeId value: True
2024-08-16 16:31:08,385 - app_event - INFO - Train_Start_NodeId value: True
2024-08-16 16:31:27,233 - app_event - INFO - Train_Start_NodeId value: True
2024-08-16 16:31:45,862 - app_event - INFO - Train_Start_NodeId value: True
2024-08-16 16:32:04,751 - app_event - INFO - Train_Start_NodeId value: True
2024-08-16 16:32:23,316 - app_event - INFO - Train_Start_NodeId value: True
2024-08-16 16:32:41,995 - app_event - INFO - Train_Start_NodeId value: True
2024-08-16 16:33:00,760 - app_event - INFO - Train_Start_NodeId value: True
2024-08-16 16:33:19,686 - app_event - INFO - Train_Start_NodeId value: True
2024-08-16 16:33:38,417 - app_event - INFO - Train_Start_NodeId value: True
2024-08-16 16:33:57,208 - app_event - INFO - Train_Start_NodeId value: True
2024-08-16 16:34:15,993 - app_event - INFO - Train_Start_NodeId value: True
2024-08-16 16:34:34,926 - app_event - INFO - Train_Start_NodeId value: True
2024-08-16 16:34:53,766 - app_event - INFO - Train_Start_NodeId value: True
2024-08-16 16:35:12,435 - app_event - INFO - Train_Start_NodeId value: True
2024-08-16 16:35:31,134 - app_event - INFO - Train_Start_NodeId value: True
2024-08-16 16:35:49,977 - app_event - INFO - Train_Start_NodeId value: True
2024-08-16 16:36:08,816 - app_event - INFO - Train_Start_NodeId value: True
2024-08-16 16:36:27,473 - app_event - INFO - Train_Start_NodeId value: True
2024-08-16 16:36:46,249 - app_event - INFO - Train_Start_NodeId value: True
2024-08-16 16:37:05,043 - app_event - INFO - Train_Start_NodeId value: True
2024-08-16 16:37:23,834 - app_event - INFO - Train_Start_NodeId value: True
2024-08-16 16:37:42,670 - app_event - INFO - Train_Start_NodeId value: True
2024-08-16 16:38:02,356 - app_event - INFO - Train_Start_NodeId value: True
2024-08-16 16:38:21,286 - app_event - INFO - Train_Start_NodeId value: True
2024-08-16 16:38:40,062 - app_event - INFO - Train_Start_NodeId value: True
2024-08-16 16:38:58,984 - app_event - INFO - Train_Start_NodeId value: True
2024-08-16 16:39:17,894 - app_event - INFO - Train_Start_NodeId value: True
2024-08-16 16:39:36,643 - app_event - INFO - Train_Start_NodeId value: True
2024-08-16 16:39:55,431 - app_event - INFO - Train_Start_NodeId value: True
2024-08-16 16:40:14,293 - app_event - INFO - Train_Start_NodeId value: True
2024-08-16 16:40:32,960 - app_event - INFO - Train_Start_NodeId value: True
2024-08-16 16:40:51,667 - app_event - INFO - Train_Start_NodeId value: True
2024-08-16 16:41:10,564 - app_event - INFO - Train_Start_NodeId value: True
2024-08-16 16:41:29,281 - app_event - INFO - Train_Start_NodeId value: True
2024-08-16 16:41:48,130 - app_event - INFO - Train_Start_NodeId value: True
2024-08-16 16:42:07,041 - app_event - INFO - Train_Start_NodeId value: True
2024-08-16 16:42:25,912 - app_event - INFO - Train_Start_NodeId value: True
2024-08-16 16:42:44,736 - app_event - INFO - Train_Start_NodeId value: True
2024-08-16 16:43:03,590 - app_event - INFO - Train_Start_NodeId value: True
2024-08-16 16:43:22,330 - app_event - INFO - Train_Start_NodeId value: True
2024-08-16 16:43:41,106 - app_event - INFO - Train_Start_NodeId value: True
2024-08-16 16:43:59,997 - app_event - INFO - Train_Start_NodeId value: True
2024-08-16 16:44:18,794 - app_event - INFO - Train_Start_NodeId value: True
2024-08-16 16:44:37,606 - app_event - INFO - Train_Start_NodeId value: True
2024-08-16 16:44:56,413 - app_event - INFO - Train_Start_NodeId value: True
2024-08-16 16:45:15,221 - app_event - INFO - Train_Start_NodeId value: True
2024-08-16 16:45:34,056 - app_event - INFO - Train_Start_NodeId value: True
2024-08-16 16:45:52,804 - app_event - INFO - Train_Start_NodeId value: True
2024-08-16 16:46:11,296 - app_event - INFO - Train_Start_NodeId value: True
2024-08-16 16:46:30,201 - app_event - INFO - Train_Start_NodeId value: True
2024-08-16 16:46:48,973 - app_event - INFO - Train_Start_NodeId value: True
2024-08-16 16:47:07,789 - app_event - INFO - Train_Start_NodeId value: True
2024-08-16 16:47:26,575 - app_event - INFO - Train_Start_NodeId value: True
2024-08-16 16:47:45,361 - app_event - INFO - Train_Start_NodeId value: True
2024-08-16 16:48:04,164 - app_event - INFO - Train_Start_NodeId value: True
2024-08-16 16:48:22,845 - app_event - INFO - Train_Start_NodeId value: True
2024-08-16 16:48:41,580 - app_event - INFO - Train_Start_NodeId value: True
2024-08-16 16:49:00,192 - app_event - INFO - Train_Start_NodeId value: True
2024-08-16 16:49:18,890 - app_event - INFO - Train_Start_NodeId value: True
2024-08-16 16:49:37,644 - app_event - INFO - Train_Start_NodeId value: True
2024-08-16 16:49:56,478 - app_event - INFO - Train_Start_NodeId value: True
2024-08-16 16:50:15,236 - app_event - INFO - Train_Start_NodeId value: True
2024-08-16 16:50:33,908 - app_event - INFO - Train_Start_NodeId value: True
2024-08-16 16:50:52,768 - app_event - INFO - Train_Start_NodeId value: True
2024-08-16 16:51:11,535 - app_event - INFO - Train_Start_NodeId value: True
2024-08-16 16:51:30,164 - app_event - INFO - Train_Start_NodeId value: True
2024-08-16 16:51:49,039 - app_event - INFO - Train_Start_NodeId value: True
2024-08-16 16:52:07,970 - app_event - INFO - Train_Start_NodeId value: True
2024-08-16 16:52:26,838 - app_event - INFO - Train_Start_NodeId value: True
2024-08-16 16:52:45,585 - app_event - INFO - Train_Start_NodeId value: True
2024-08-16 16:53:04,407 - app_event - INFO - Train_Start_NodeId value: True
2024-08-16 16:53:23,238 - app_event - INFO - Train_Start_NodeId value: True
2024-08-16 16:53:42,028 - app_event - INFO - Train_Start_NodeId value: True
2024-08-16 16:54:00,923 - app_event - INFO - Train_Start_NodeId value: True
2024-08-16 16:54:19,617 - app_event - INFO - Train_Start_NodeId value: True
2024-08-16 16:54:38,338 - app_event - INFO - Train_Start_NodeId value: True
2024-08-16 16:54:57,142 - app_event - INFO - Train_Start_NodeId value: True
2024-08-16 16:55:15,947 - app_event - INFO - Train_Start_NodeId value: True
2024-08-16 16:55:34,880 - app_event - INFO - Train_Start_NodeId value: True
2024-08-16 16:55:53,791 - app_event - INFO - Train_Start_NodeId value: True
2024-08-16 16:56:12,628 - app_event - INFO - Train_Start_NodeId value: True
2024-08-16 16:56:43,218 - app_event - INFO - Train_Start_NodeId value: True
2024-08-16 16:57:01,972 - app_event - INFO - Train_Start_NodeId value: True
2024-08-16 16:57:21,158 - app_event - INFO - Train_Start_NodeId value: True
2024-08-16 16:57:40,047 - app_event - INFO - Train_Start_NodeId value: True
2024-08-16 16:57:59,148 - app_event - INFO - Train_Start_NodeId value: False
2024-08-16 16:58:18,339 - app_event - INFO - Train_Start_NodeId value: True
2024-08-16 16:58:37,265 - app_event - INFO - Train_Start_NodeId value: True
2024-08-16 16:58:57,011 - app_event - INFO - Train_Start_NodeId value: True
2024-08-16 16:59:16,757 - app_event - INFO - Train_Start_NodeId value: True
2024-08-16 16:59:36,546 - app_event - INFO - Train_Start_NodeId value: True
2024-08-16 16:59:56,209 - app_event - INFO - Train_Start_NodeId value: True
