2024-08-12 04:36:40,299 - app_event - DEBUG - calculate_temperatures
2024-08-12 04:36:40,309 - app_event - DEBUG - calculate_temperatures
2024-08-12 04:36:40,314 - app_event - DEBUG - calculate_temperatures
2024-08-12 04:36:40,317 - app_event - DEBUG - calculate_temperatures
2024-08-12 04:36:40,320 - app_event - DEBUG - calculate_temperatures
2024-08-12 04:36:40,322 - app_event - DEBUG - calculate_temperatures
2024-08-12 04:36:40,326 - app_event - DEBUG - calculate_temperatures
2024-08-12 04:36:40,330 - app_event - DEBUG - calculate_temperatures
2024-08-12 04:36:40,332 - app_event - DEBUG - calculate_temperatures
2024-08-12 04:36:40,335 - app_event - DEBUG - calculate_temperatures
2024-08-12 04:36:40,337 - app_event - DEBUG - calculate_temperatures
2024-08-12 04:36:40,340 - app_event - DEBUG - calculate_temperatures
2024-08-12 04:36:40,343 - app_event - DEBUG - calculate_temperatures
2024-08-12 04:36:40,347 - app_event - DEBUG - insert_temperature_calculations
2024-08-12 04:36:40,347 - app_event - DEBUG - processed_axle_numbers{'2'}
2024-08-12 04:36:40,348 - app_event - DEBUG - insert_temperature_calculations
2024-08-12 04:36:40,349 - app_event - DEBUG - processed_axle_numbers{'2', '3'}
2024-08-12 04:36:40,351 - app_event - DEBUG - insert_temperature_calculations
2024-08-12 04:36:40,351 - app_event - DEBUG - processed_axle_numbers{'4', '2', '3'}
2024-08-12 04:36:40,352 - app_event - DEBUG - insert_temperature_calculations
2024-08-12 04:36:40,352 - app_event - DEBUG - processed_axle_numbers{'4', '2', '5', '3'}
2024-08-12 04:36:40,354 - app_event - DEBUG - insert_temperature_calculations
2024-08-12 04:36:40,354 - app_event - DEBUG - processed_axle_numbers{'6', '2', '4', '5', '3'}
2024-08-12 04:36:40,355 - app_event - DEBUG - insert_temperature_calculations
2024-08-12 04:36:40,356 - app_event - DEBUG - processed_axle_numbers{'6', '2', '7', '4', '5', '3'}
2024-08-12 04:36:40,356 - app_event - DEBUG - insert_temperature_calculations
2024-08-12 04:36:40,358 - app_event - DEBUG - processed_axle_numbers{'6', '2', '7', '4', '8', '5', '3'}
2024-08-12 04:36:40,360 - app_event - DEBUG - insert_temperature_calculations
2024-08-12 04:36:40,362 - app_event - DEBUG - processed_axle_numbers{'6', '2', '7', '4', '8', '9', '5', '3'}
2024-08-12 04:36:40,364 - app_event - DEBUG - insert_temperature_calculations
2024-08-12 04:36:40,364 - app_event - DEBUG - processed_axle_numbers{'6', '2', '7', '10', '4', '8', '9', '5', '3'}
2024-08-12 04:36:40,366 - app_event - DEBUG - insert_temperature_calculations
2024-08-12 04:36:40,367 - app_event - DEBUG - processed_axle_numbers{'6', '2', '7', '10', '4', '8', '9', '11', '5', '3'}
2024-08-12 04:36:40,368 - app_event - DEBUG - insert_temperature_calculations
2024-08-12 04:36:40,368 - app_event - DEBUG - processed_axle_numbers{'6', '2', '7', '10', '4', '12', '8', '9', '11', '5', '3'}
2024-08-12 04:36:40,369 - app_event - DEBUG - insert_temperature_calculations
2024-08-12 04:36:40,370 - app_event - DEBUG - processed_axle_numbers{'6', '2', '13', '7', '10', '4', '12', '8', '9', '11', '5', '3'}
2024-08-12 04:36:40,371 - app_event - DEBUG - insert_temperature_calculations
2024-08-12 04:36:40,372 - app_event - DEBUG - processed_axle_numbers{'6', '2', '13', '7', '10', '14', '4', '12', '8', '9', '11', '5', '3'}
2024-08-12 04:36:40,373 - app_event - DEBUG - insert_temperature_calculations
2024-08-12 04:36:40,373 - app_event - DEBUG - processed_axle_numbers{'6', '2', '13', '7', '10', '14', '4', '12', '8', '15', '9', '11', '5', '3'}
2024-08-12 04:36:40,376 - app_event - DEBUG - insert_temperature_calculations
2024-08-12 04:36:40,377 - app_event - DEBUG - processed_axle_numbers{'6', '2', '13', '7', '10', '14', '4', '12', '16', '8', '15', '9', '11', '5', '3'}
2024-08-12 04:36:40,378 - app_event - DEBUG - insert_temperature_calculations
2024-08-12 04:36:40,379 - app_event - DEBUG - processed_axle_numbers{'6', '2', '13', '7', '10', '14', '17', '4', '12', '16', '8', '15', '9', '11', '5', '3'}
2024-08-12 04:36:40,381 - app_event - DEBUG - insert_temperature_calculations
2024-08-12 04:36:40,382 - app_event - DEBUG - processed_axle_numbers{'6', '2', '13', '7', '10', '14', '17', '4', '18', '12', '16', '8', '15', '9', '11', '5', '3'}
2024-08-12 04:36:40,384 - app_event - DEBUG - insert_temperature_calculations
2024-08-12 04:36:40,385 - app_event - DEBUG - processed_axle_numbers{'6', '2', '13', '7', '10', '14', '17', '4', '18', '12', '16', '8', '19', '15', '9', '11', '5', '3'}
2024-08-12 04:36:40,386 - app_event - DEBUG - insert_temperature_calculations
2024-08-12 04:36:40,386 - app_event - DEBUG - processed_axle_numbers{'2', '13', '14', '15', '10', '17', '4', '18', '12', '19', '9', '5', '3', '6', '20', '16', '11', '7', '8'}
2024-08-12 04:36:40,387 - app_event - DEBUG - insert_temperature_calculations
2024-08-12 04:36:40,388 - app_event - DEBUG - processed_axle_numbers{'2', '13', '14', '15', '10', '17', '4', '18', '12', '19', '9', '5', '3', '6', '21', '20', '16', '11', '7', '8'}
2024-08-12 04:36:40,389 - app_event - DEBUG - insert_temperature_calculations
2024-08-12 04:36:40,390 - app_event - DEBUG - processed_axle_numbers{'2', '13', '14', '15', '10', '17', '4', '18', '12', '19', '9', '5', '3', '6', '21', '20', '16', '11', '22', '7', '8'}
2024-08-12 04:36:40,392 - app_event - DEBUG - insert_temperature_calculations
2024-08-12 04:36:40,392 - app_event - DEBUG - processed_axle_numbers{'2', '13', '14', '15', '10', '17', '4', '18', '12', '19', '9', '5', '3', '6', '21', '20', '16', '11', '22', '23', '7', '8'}
2024-08-12 04:36:40,395 - app_event - DEBUG - insert_temperature_calculations
2024-08-12 04:36:40,396 - app_event - DEBUG - processed_axle_numbers{'24', '2', '13', '14', '15', '10', '17', '4', '18', '12', '19', '9', '5', '3', '6', '21', '20', '16', '11', '22', '23', '7', '8'}
2024-08-12 04:36:40,397 - app_event - DEBUG - insert_temperature_calculations
2024-08-12 04:36:40,398 - app_event - DEBUG - processed_axle_numbers{'24', '2', '13', '14', '15', '10', '17', '4', '18', '12', '19', '9', '5', '3', '6', '21', '20', '16', '11', '22', '23', '25', '7', '8'}
2024-08-12 04:36:40,399 - app_event - DEBUG - insert_temperature_calculations
2024-08-12 04:36:40,399 - app_event - DEBUG - processed_axle_numbers{'24', '2', '13', '14', '15', '10', '17', '4', '18', '12', '19', '9', '5', '3', '6', '21', '20', '16', '11', '22', '23', '25', '7', '8', '26'}
2024-08-12 04:36:40,401 - app_event - DEBUG - insert_temperature_calculations
2024-08-12 04:36:40,401 - app_event - DEBUG - processed_axle_numbers{'24', '2', '13', '14', '15', '27', '10', '17', '4', '18', '12', '19', '9', '5', '3', '6', '21', '20', '16', '11', '22', '23', '25', '7', '8', '26'}
2024-08-12 04:36:40,403 - app_event - DEBUG - insert_temperature_calculations
2024-08-12 04:36:40,403 - app_event - DEBUG - processed_axle_numbers{'24', '2', '13', '14', '15', '27', '10', '17', '4', '18', '12', '19', '9', '5', '3', '6', '21', '20', '16', '11', '22', '23', '25', '7', '8', '26', '28'}
2024-08-12 04:36:40,404 - app_event - DEBUG - insert_temperature_calculations
2024-08-12 04:36:40,404 - app_event - DEBUG - processed_axle_numbers{'24', '2', '13', '14', '15', '27', '10', '17', '4', '18', '12', '19', '9', '5', '3', '6', '21', '20', '16', '11', '22', '23', '25', '29', '7', '8', '26', '28'}
2024-08-12 04:36:40,406 - app_event - DEBUG - insert_temperature_calculations
2024-08-12 04:36:40,407 - app_event - DEBUG - processed_axle_numbers{'24', '2', '13', '14', '15', '30', '27', '10', '17', '4', '18', '12', '19', '9', '5', '3', '6', '21', '20', '16', '11', '22', '23', '25', '29', '7', '8', '26', '28'}
2024-08-12 04:36:40,410 - app_event - DEBUG - insert_temperature_calculations
2024-08-12 04:36:40,410 - app_event - DEBUG - processed_axle_numbers{'24', '2', '13', '14', '15', '30', '27', '10', '17', '4', '18', '12', '19', '9', '5', '3', '6', '21', '20', '16', '11', '22', '23', '25', '29', '7', '8', '26', '28', '31'}
2024-08-12 04:36:40,412 - app_event - DEBUG - insert_temperature_calculations
2024-08-12 04:36:40,413 - app_event - DEBUG - processed_axle_numbers{'24', '2', '13', '14', '15', '30', '27', '10', '17', '4', '18', '12', '19', '9', '5', '3', '6', '21', '20', '16', '11', '22', '23', '25', '29', '32', '7', '8', '26', '28', '31'}
2024-08-12 04:36:40,414 - app_event - DEBUG - insert_temperature_calculations
2024-08-12 04:36:40,415 - app_event - DEBUG - processed_axle_numbers{'24', '2', '13', '14', '15', '30', '27', '10', '17', '4', '18', '12', '19', '9', '5', '3', '6', '21', '20', '16', '11', '22', '23', '25', '29', '32', '33', '7', '8', '26', '28', '31'}
2024-08-12 04:36:40,416 - app_event - DEBUG - insert_temperature_calculations
2024-08-12 04:36:40,417 - app_event - DEBUG - processed_axle_numbers{'24', '2', '13', '14', '15', '30', '34', '27', '10', '17', '4', '18', '12', '19', '9', '5', '3', '6', '21', '20', '16', '11', '22', '23', '25', '29', '32', '33', '7', '8', '26', '28', '31'}
2024-08-12 04:36:40,419 - app_event - DEBUG - insert_temperature_calculations
2024-08-12 04:36:40,419 - app_event - DEBUG - processed_axle_numbers{'24', '2', '13', '14', '15', '30', '34', '27', '10', '17', '4', '18', '12', '19', '9', '5', '3', '6', '21', '20', '16', '11', '22', '23', '25', '29', '32', '33', '7', '35', '8', '26', '28', '31'}
2024-08-12 04:36:40,420 - app_event - DEBUG - insert_temperature_calculations
2024-08-12 04:36:40,421 - app_event - DEBUG - processed_axle_numbers{'24', '2', '13', '14', '15', '30', '34', '27', '10', '17', '4', '18', '12', '19', '9', '5', '3', '6', '21', '36', '20', '16', '11', '22', '23', '25', '29', '32', '33', '7', '35', '8', '26', '28', '31'}
2024-08-12 04:36:40,422 - app_event - DEBUG - insert_temperature_calculations
2024-08-12 04:36:40,422 - app_event - DEBUG - processed_axle_numbers{'24', '2', '13', '14', '15', '30', '34', '27', '10', '17', '4', '18', '12', '37', '19', '9', '5', '3', '6', '21', '36', '20', '16', '11', '22', '23', '25', '29', '32', '33', '7', '35', '8', '26', '28', '31'}
2024-08-12 04:36:40,425 - app_event - DEBUG - insert_temperature_calculations
2024-08-12 04:36:40,427 - app_event - DEBUG - processed_axle_numbers{'24', '2', '13', '14', '15', '30', '34', '27', '10', '17', '4', '18', '12', '37', '19', '9', '5', '3', '6', '38', '21', '36', '20', '16', '11', '22', '23', '25', '29', '32', '33', '7', '35', '8', '26', '28', '31'}
2024-08-12 04:36:40,429 - app_event - DEBUG - insert_temperature_calculations
2024-08-12 04:36:40,429 - app_event - DEBUG - processed_axle_numbers{'24', '2', '13', '14', '39', '15', '30', '34', '27', '10', '17', '4', '18', '12', '37', '19', '9', '5', '3', '6', '38', '21', '36', '20', '16', '11', '22', '23', '25', '29', '32', '33', '7', '35', '8', '26', '28', '31'}
2024-08-12 04:36:40,431 - app_event - DEBUG - insert_temperature_calculations
2024-08-12 04:36:40,432 - app_event - DEBUG - processed_axle_numbers{'24', '2', '13', '14', '39', '15', '30', '34', '40', '27', '10', '17', '4', '18', '12', '37', '19', '9', '5', '3', '6', '38', '21', '36', '20', '16', '11', '22', '23', '25', '29', '32', '33', '7', '35', '8', '26', '28', '31'}
2024-08-12 04:36:40,433 - app_event - DEBUG - insert_temperature_calculations
2024-08-12 04:36:40,434 - app_event - DEBUG - processed_axle_numbers{'24', '2', '13', '14', '39', '15', '30', '34', '40', '27', '10', '17', '4', '18', '12', '37', '19', '9', '5', '3', '6', '38', '41', '21', '36', '20', '16', '11', '22', '23', '25', '29', '32', '33', '7', '35', '8', '26', '28', '31'}
2024-08-12 04:36:40,435 - app_event - DEBUG - insert_temperature_calculations
2024-08-12 04:36:40,435 - app_event - DEBUG - processed_axle_numbers{'24', '2', '13', '14', '39', '15', '30', '34', '40', '27', '10', '17', '4', '42', '18', '12', '37', '19', '9', '5', '3', '6', '38', '41', '21', '36', '20', '16', '11', '22', '23', '25', '29', '32', '33', '7', '35', '8', '26', '28', '31'}
2024-08-12 04:36:40,437 - app_event - DEBUG - insert_temperature_calculations
2024-08-12 04:36:40,437 - app_event - DEBUG - processed_axle_numbers{'24', '2', '13', '14', '39', '15', '30', '34', '40', '27', '10', '17', '4', '42', '18', '12', '37', '19', '9', '5', '3', '6', '38', '41', '21', '36', '20', '16', '11', '22', '23', '25', '29', '32', '33', '7', '35', '8', '26', '28', '31', '43'}
2024-08-12 04:36:40,439 - app_event - DEBUG - insert_temperature_calculations
2024-08-12 04:36:40,439 - app_event - DEBUG - processed_axle_numbers{'24', '2', '13', '14', '39', '15', '30', '34', '40', '27', '10', '17', '4', '42', '18', '12', '37', '19', '9', '5', '3', '44', '6', '38', '41', '21', '36', '20', '16', '11', '22', '23', '25', '29', '32', '33', '7', '35', '8', '26', '28', '31', '43'}
2024-08-12 04:36:40,440 - app_event - DEBUG - insert_temperature_calculations
2024-08-12 04:36:40,441 - app_event - DEBUG - processed_axle_numbers{'24', '2', '13', '14', '39', '15', '30', '34', '40', '27', '10', '17', '4', '42', '18', '12', '37', '19', '9', '5', '3', '44', '6', '38', '41', '21', '36', '20', '16', '11', '22', '23', '25', '29', '32', '33', '7', '35', '45', '8', '26', '28', '31', '43'}
2024-08-12 04:36:40,445 - app_event - DEBUG - insert_temperature_calculations
2024-08-12 04:36:40,446 - app_event - DEBUG - processed_axle_numbers{'24', '2', '13', '14', '39', '46', '15', '30', '34', '40', '27', '10', '17', '4', '42', '18', '12', '37', '19', '9', '5', '3', '44', '6', '38', '41', '21', '36', '20', '16', '11', '22', '23', '25', '29', '32', '33', '7', '35', '45', '8', '26', '28', '31', '43'}
2024-08-12 04:36:40,447 - app_event - DEBUG - insert_temperature_calculations
2024-08-12 04:36:40,448 - app_event - DEBUG - processed_axle_numbers{'24', '2', '13', '14', '39', '47', '46', '15', '30', '34', '40', '27', '10', '17', '4', '42', '18', '12', '37', '19', '9', '5', '3', '44', '6', '38', '41', '21', '36', '20', '16', '11', '22', '23', '25', '29', '32', '33', '7', '35', '45', '8', '26', '28', '31', '43'}
2024-08-12 04:36:40,451 - app_event - DEBUG - fetch_temperature monitor train2024_08_12_03_52_51_2000
