2024-07-19 16:39:27,926 - sys_event - ERROR - Failed to read value from node NumericNodeId(ns=4;i=14): 'NoneType' object has no attribute 'write'
2024-07-19 16:39:28,041 - sys_event - ERROR - Failed to read value from node NumericNodeId(ns=4;i=14): 'NoneType' object has no attribute 'write'
2024-07-19 16:39:28,143 - sys_event - ERROR - Failed to read value from node NumericNodeId(ns=4;i=14): 'NoneType' object has no attribute 'write'
2024-07-19 16:39:28,244 - sys_event - ERROR - Failed to read value from node NumericNodeId(ns=4;i=14): 'NoneType' object has no attribute 'write'
2024-07-19 16:39:28,348 - sys_event - ERROR - Failed to read value from node NumericNodeId(ns=4;i=14): 'NoneType' object has no attribute 'write'
2024-07-19 16:39:28,458 - sys_event - ERROR - Failed to read value from node NumericNodeId(ns=4;i=14): 'NoneType' object has no attribute 'write'
2024-07-19 16:39:28,560 - sys_event - ERROR - Failed to read value from node NumericNodeId(ns=4;i=14): 'NoneType' object has no attribute 'write'
2024-07-19 16:39:28,675 - sys_event - ERROR - Failed to read value from node NumericNodeId(ns=4;i=14): 'NoneType' object has no attribute 'write'
2024-07-19 16:39:28,776 - sys_event - ERROR - Failed to read value from node NumericNodeId(ns=4;i=14): 'NoneType' object has no attribute 'write'
2024-07-19 16:39:28,891 - sys_event - ERROR - Failed to read value from node NumericNodeId(ns=4;i=14): 'NoneType' object has no attribute 'write'
2024-07-19 16:39:29,007 - sys_event - ERROR - Failed to read value from node NumericNodeId(ns=4;i=14): 'NoneType' object has no attribute 'write'
2024-07-19 16:39:29,108 - sys_event - ERROR - Failed to read value from node NumericNodeId(ns=4;i=14): 'NoneType' object has no attribute 'write'
2024-07-19 16:39:29,225 - sys_event - ERROR - Failed to read value from node NumericNodeId(ns=4;i=14): 'NoneType' object has no attribute 'write'
2024-07-19 16:39:29,326 - sys_event - ERROR - Failed to read value from node NumericNodeId(ns=4;i=14): 'NoneType' object has no attribute 'write'
2024-07-19 16:39:29,438 - sys_event - ERROR - Failed to read value from node NumericNodeId(ns=4;i=14): 'NoneType' object has no attribute 'write'
2024-07-19 16:39:39,238 - sys_event - ERROR - Failed to read value from node NumericNodeId(ns=4;i=16): 
2024-07-19 16:40:08,750 - sys_event - ERROR - Failed to connect to the OPC UA server: timed out
2024-07-19 16:40:08,750 - sys_event - ERROR - Failed to read value from node NumericNodeId(ns=4;i=19): 'NoneType' object has no attribute 'write'
2024-07-19 16:40:08,851 - sys_event - ERROR - Failed to read value from node NumericNodeId(ns=4;i=19): 'NoneType' object has no attribute 'write'
2024-07-19 16:40:08,967 - sys_event - ERROR - Failed to read value from node NumericNodeId(ns=4;i=19): 'NoneType' object has no attribute 'write'
2024-07-19 16:40:09,077 - sys_event - ERROR - Failed to read value from node NumericNodeId(ns=4;i=19): 'NoneType' object has no attribute 'write'
2024-07-19 16:40:09,187 - sys_event - ERROR - Failed to read value from node NumericNodeId(ns=4;i=19): 'NoneType' object has no attribute 'write'
2024-07-19 16:40:09,298 - sys_event - ERROR - Failed to read value from node NumericNodeId(ns=4;i=19): 'NoneType' object has no attribute 'write'
2024-07-19 16:40:09,403 - sys_event - ERROR - Failed to read value from node NumericNodeId(ns=4;i=19): 'NoneType' object has no attribute 'write'
2024-07-19 16:40:09,514 - sys_event - ERROR - Failed to read value from node NumericNodeId(ns=4;i=19): 'NoneType' object has no attribute 'write'
2024-07-19 16:40:09,624 - sys_event - ERROR - Failed to read value from node NumericNodeId(ns=4;i=19): 'NoneType' object has no attribute 'write'
2024-07-19 16:40:09,734 - sys_event - ERROR - Failed to read value from node NumericNodeId(ns=4;i=19): 'NoneType' object has no attribute 'write'
2024-07-19 16:40:09,837 - sys_event - ERROR - Failed to read value from node NumericNodeId(ns=4;i=19): 'NoneType' object has no attribute 'write'
2024-07-19 16:40:09,938 - sys_event - ERROR - Failed to read value from node NumericNodeId(ns=4;i=19): 'NoneType' object has no attribute 'write'
2024-07-19 16:40:10,049 - sys_event - ERROR - Failed to read value from node NumericNodeId(ns=4;i=19): 'NoneType' object has no attribute 'write'
2024-07-19 16:40:10,159 - sys_event - ERROR - Failed to read value from node NumericNodeId(ns=4;i=19): 'NoneType' object has no attribute 'write'
2024-07-19 16:40:10,270 - sys_event - ERROR - Failed to read value from node NumericNodeId(ns=4;i=19): 'NoneType' object has no attribute 'write'
2024-07-19 16:40:10,370 - sys_event - ERROR - Failed to read value from node NumericNodeId(ns=4;i=19): 'NoneType' object has no attribute 'write'
2024-07-19 16:40:10,484 - sys_event - ERROR - Failed to read value from node NumericNodeId(ns=4;i=19): 'NoneType' object has no attribute 'write'
2024-07-19 16:40:10,588 - sys_event - ERROR - Failed to read value from node NumericNodeId(ns=4;i=19): 'NoneType' object has no attribute 'write'
2024-07-19 16:40:10,699 - sys_event - ERROR - Failed to read value from node NumericNodeId(ns=4;i=19): 'NoneType' object has no attribute 'write'
2024-07-19 16:40:10,810 - sys_event - ERROR - Failed to read value from node NumericNodeId(ns=4;i=19): 'NoneType' object has no attribute 'write'
2024-07-19 16:40:10,921 - sys_event - ERROR - Failed to read value from node NumericNodeId(ns=4;i=19): 'NoneType' object has no attribute 'write'
2024-07-19 16:40:11,035 - sys_event - ERROR - Failed to read value from node NumericNodeId(ns=4;i=19): 'NoneType' object has no attribute 'write'
2024-07-19 16:40:11,145 - sys_event - ERROR - Failed to read value from node NumericNodeId(ns=4;i=19): 'NoneType' object has no attribute 'write'
2024-07-19 16:40:11,253 - sys_event - ERROR - Failed to read value from node NumericNodeId(ns=4;i=19): 'NoneType' object has no attribute 'write'
2024-07-19 16:40:11,367 - sys_event - ERROR - Failed to read value from node NumericNodeId(ns=4;i=19): 'NoneType' object has no attribute 'write'
2024-07-19 16:40:11,483 - sys_event - ERROR - Failed to read value from node NumericNodeId(ns=4;i=19): 'NoneType' object has no attribute 'write'
2024-07-19 16:40:11,588 - sys_event - ERROR - Failed to read value from node NumericNodeId(ns=4;i=19): 'NoneType' object has no attribute 'write'
2024-07-19 16:40:11,703 - sys_event - ERROR - Failed to read value from node NumericNodeId(ns=4;i=19): 'NoneType' object has no attribute 'write'
2024-07-19 16:40:11,805 - sys_event - ERROR - Failed to read value from node NumericNodeId(ns=4;i=19): 'NoneType' object has no attribute 'write'
2024-07-19 16:40:11,920 - sys_event - ERROR - Failed to read value from node NumericNodeId(ns=4;i=19): 'NoneType' object has no attribute 'write'
2024-07-19 16:40:12,036 - sys_event - ERROR - Failed to read value from node NumericNodeId(ns=4;i=19): 'NoneType' object has no attribute 'write'
2024-07-19 16:40:12,152 - sys_event - ERROR - Failed to read value from node NumericNodeId(ns=4;i=19): 'NoneType' object has no attribute 'write'
2024-07-19 16:40:12,253 - sys_event - ERROR - Failed to read value from node NumericNodeId(ns=4;i=19): 'NoneType' object has no attribute 'write'
2024-07-19 16:40:12,353 - sys_event - ERROR - Failed to read value from node NumericNodeId(ns=4;i=19): 'NoneType' object has no attribute 'write'
2024-07-19 16:40:12,468 - sys_event - ERROR - Failed to read value from node NumericNodeId(ns=4;i=19): 'NoneType' object has no attribute 'write'
2024-07-19 16:40:12,570 - sys_event - ERROR - Failed to read value from node NumericNodeId(ns=4;i=19): 'NoneType' object has no attribute 'write'
2024-07-19 16:40:12,684 - sys_event - ERROR - Failed to read value from node NumericNodeId(ns=4;i=19): 'NoneType' object has no attribute 'write'
2024-07-19 16:40:12,794 - sys_event - ERROR - Failed to read value from node NumericNodeId(ns=4;i=19): 'NoneType' object has no attribute 'write'
2024-07-19 16:40:12,901 - sys_event - ERROR - Failed to read value from node NumericNodeId(ns=4;i=19): 'NoneType' object has no attribute 'write'
2024-07-19 16:40:13,011 - sys_event - ERROR - Failed to read value from node NumericNodeId(ns=4;i=19): 'NoneType' object has no attribute 'write'
2024-07-19 16:40:13,119 - sys_event - ERROR - Failed to read value from node NumericNodeId(ns=4;i=19): 'NoneType' object has no attribute 'write'
2024-07-19 16:40:13,230 - sys_event - ERROR - Failed to read value from node NumericNodeId(ns=4;i=19): 'NoneType' object has no attribute 'write'
2024-07-19 16:40:13,339 - sys_event - ERROR - Failed to read value from node NumericNodeId(ns=4;i=19): 'NoneType' object has no attribute 'write'
2024-07-19 16:40:13,440 - sys_event - ERROR - Failed to read value from node NumericNodeId(ns=4;i=19): 'NoneType' object has no attribute 'write'
2024-07-19 16:40:13,548 - sys_event - ERROR - Failed to read value from node NumericNodeId(ns=4;i=19): 'NoneType' object has no attribute 'write'
2024-07-19 16:40:13,650 - sys_event - ERROR - Failed to read value from node NumericNodeId(ns=4;i=19): 'NoneType' object has no attribute 'write'
2024-07-19 16:40:13,766 - sys_event - ERROR - Failed to read value from node NumericNodeId(ns=4;i=19): 'NoneType' object has no attribute 'write'
2024-07-19 16:40:28,005 - sys_event - ERROR - Failed to connect to the OPC UA server: 
2024-07-19 16:40:28,005 - sys_event - ERROR - Failed to read value from node NumericNodeId(ns=4;i=4): [WinError 10038] An operation was attempted on something that is not a socket
2024-07-19 16:40:28,117 - sys_event - ERROR - Failed to read value from node NumericNodeId(ns=4;i=4): [WinError 10038] An operation was attempted on something that is not a socket
2024-07-19 16:40:28,231 - sys_event - ERROR - Failed to read value from node NumericNodeId(ns=4;i=4): [WinError 10038] An operation was attempted on something that is not a socket
2024-07-19 16:40:28,333 - sys_event - ERROR - Failed to read value from node NumericNodeId(ns=4;i=4): [WinError 10038] An operation was attempted on something that is not a socket
2024-07-19 16:40:28,444 - sys_event - ERROR - Failed to read value from node NumericNodeId(ns=4;i=4): [WinError 10038] An operation was attempted on something that is not a socket
2024-07-19 16:40:28,554 - sys_event - ERROR - Failed to read value from node NumericNodeId(ns=4;i=4): [WinError 10038] An operation was attempted on something that is not a socket
2024-07-19 16:40:28,664 - sys_event - ERROR - Failed to read value from node NumericNodeId(ns=4;i=4): [WinError 10038] An operation was attempted on something that is not a socket
2024-07-19 16:40:28,767 - sys_event - ERROR - Failed to read value from node NumericNodeId(ns=4;i=4): [WinError 10038] An operation was attempted on something that is not a socket
2024-07-19 16:40:28,881 - sys_event - ERROR - Failed to read value from node NumericNodeId(ns=4;i=4): [WinError 10038] An operation was attempted on something that is not a socket
2024-07-19 16:40:28,991 - sys_event - ERROR - Failed to read value from node NumericNodeId(ns=4;i=4): [WinError 10038] An operation was attempted on something that is not a socket
2024-07-19 16:40:29,101 - sys_event - ERROR - Failed to read value from node NumericNodeId(ns=4;i=4): [WinError 10038] An operation was attempted on something that is not a socket
2024-07-19 16:40:29,212 - sys_event - ERROR - Failed to read value from node NumericNodeId(ns=4;i=4): [WinError 10038] An operation was attempted on something that is not a socket
2024-07-19 16:40:29,315 - sys_event - ERROR - Failed to read value from node NumericNodeId(ns=4;i=4): [WinError 10038] An operation was attempted on something that is not a socket
2024-07-19 16:40:29,429 - sys_event - ERROR - Failed to read value from node NumericNodeId(ns=4;i=4): [WinError 10038] An operation was attempted on something that is not a socket
2024-07-19 16:40:29,539 - sys_event - ERROR - Failed to read value from node NumericNodeId(ns=4;i=4): [WinError 10038] An operation was attempted on something that is not a socket
2024-07-19 16:40:29,649 - sys_event - ERROR - Failed to read value from node NumericNodeId(ns=4;i=4): [WinError 10038] An operation was attempted on something that is not a socket
2024-07-19 16:40:29,750 - sys_event - ERROR - Failed to read value from node NumericNodeId(ns=4;i=4): [WinError 10038] An operation was attempted on something that is not a socket
2024-07-19 16:40:29,865 - sys_event - ERROR - Failed to read value from node NumericNodeId(ns=4;i=4): [WinError 10038] An operation was attempted on something that is not a socket
2024-07-19 16:40:29,978 - sys_event - ERROR - Failed to read value from node NumericNodeId(ns=4;i=4): [WinError 10038] An operation was attempted on something that is not a socket
2024-07-19 16:40:30,088 - sys_event - ERROR - Failed to read value from node NumericNodeId(ns=4;i=4): [WinError 10038] An operation was attempted on something that is not a socket
2024-07-19 16:40:30,199 - sys_event - ERROR - Failed to read value from node NumericNodeId(ns=4;i=4): [WinError 10038] An operation was attempted on something that is not a socket
2024-07-19 16:40:30,301 - sys_event - ERROR - Failed to read value from node NumericNodeId(ns=4;i=4): [WinError 10038] An operation was attempted on something that is not a socket
2024-07-19 16:40:30,415 - sys_event - ERROR - Failed to read value from node NumericNodeId(ns=4;i=4): [WinError 10038] An operation was attempted on something that is not a socket
2024-07-19 16:40:30,527 - sys_event - ERROR - Failed to read value from node NumericNodeId(ns=4;i=4): [WinError 10038] An operation was attempted on something that is not a socket
2024-07-19 16:40:30,637 - sys_event - ERROR - Failed to read value from node NumericNodeId(ns=4;i=4): [WinError 10038] An operation was attempted on something that is not a socket
2024-07-19 16:40:30,750 - sys_event - ERROR - Failed to read value from node NumericNodeId(ns=4;i=4): [WinError 10038] An operation was attempted on something that is not a socket
2024-07-19 16:40:30,863 - sys_event - ERROR - Failed to read value from node NumericNodeId(ns=4;i=4): [WinError 10038] An operation was attempted on something that is not a socket
2024-07-19 16:40:30,965 - sys_event - ERROR - Failed to read value from node NumericNodeId(ns=4;i=4): [WinError 10038] An operation was attempted on something that is not a socket
2024-07-19 16:40:31,074 - sys_event - ERROR - Failed to read value from node NumericNodeId(ns=4;i=4): [WinError 10038] An operation was attempted on something that is not a socket
2024-07-19 16:40:31,184 - sys_event - ERROR - Failed to read value from node NumericNodeId(ns=4;i=4): [WinError 10038] An operation was attempted on something that is not a socket
2024-07-19 16:40:31,297 - sys_event - ERROR - Failed to read value from node NumericNodeId(ns=4;i=4): [WinError 10038] An operation was attempted on something that is not a socket
2024-07-19 16:40:31,409 - sys_event - ERROR - Failed to read value from node NumericNodeId(ns=4;i=4): [WinError 10038] An operation was attempted on something that is not a socket
2024-07-19 16:40:31,514 - sys_event - ERROR - Failed to read value from node NumericNodeId(ns=4;i=4): [WinError 10038] An operation was attempted on something that is not a socket
2024-07-19 16:40:31,624 - sys_event - ERROR - Failed to read value from node NumericNodeId(ns=4;i=4): [WinError 10038] An operation was attempted on something that is not a socket
2024-07-19 16:40:31,733 - sys_event - ERROR - Failed to read value from node NumericNodeId(ns=4;i=4): [WinError 10038] An operation was attempted on something that is not a socket
2024-07-19 16:40:31,845 - sys_event - ERROR - Failed to read value from node NumericNodeId(ns=4;i=4): [WinError 10038] An operation was attempted on something that is not a socket
2024-07-19 16:40:31,957 - sys_event - ERROR - Failed to read value from node NumericNodeId(ns=4;i=4): [WinError 10038] An operation was attempted on something that is not a socket
2024-07-19 16:40:32,062 - sys_event - ERROR - Failed to read value from node NumericNodeId(ns=4;i=4): [WinError 10038] An operation was attempted on something that is not a socket
2024-07-19 16:40:32,172 - sys_event - ERROR - Failed to read value from node NumericNodeId(ns=4;i=4): [WinError 10038] An operation was attempted on something that is not a socket
2024-07-19 16:40:32,282 - sys_event - ERROR - Failed to read value from node NumericNodeId(ns=4;i=4): [WinError 10038] An operation was attempted on something that is not a socket
2024-07-19 16:40:32,392 - sys_event - ERROR - Failed to read value from node NumericNodeId(ns=4;i=4): [WinError 10038] An operation was attempted on something that is not a socket
2024-07-19 16:40:32,500 - sys_event - ERROR - Failed to read value from node NumericNodeId(ns=4;i=4): [WinError 10038] An operation was attempted on something that is not a socket
2024-07-19 16:40:32,612 - sys_event - ERROR - Failed to read value from node NumericNodeId(ns=4;i=4): [WinError 10038] An operation was attempted on something that is not a socket
2024-07-19 16:40:32,716 - sys_event - ERROR - Failed to read value from node NumericNodeId(ns=4;i=4): [WinError 10038] An operation was attempted on something that is not a socket
2024-07-19 16:40:32,829 - sys_event - ERROR - Failed to read value from node NumericNodeId(ns=4;i=4): [WinError 10038] An operation was attempted on something that is not a socket
2024-07-19 16:40:32,939 - sys_event - ERROR - Failed to read value from node NumericNodeId(ns=4;i=4): [WinError 10038] An operation was attempted on something that is not a socket
2024-07-19 16:40:33,049 - sys_event - ERROR - Failed to read value from node NumericNodeId(ns=4;i=4): [WinError 10038] An operation was attempted on something that is not a socket
2024-07-19 16:40:33,160 - sys_event - ERROR - Failed to read value from node NumericNodeId(ns=4;i=4): [WinError 10038] An operation was attempted on something that is not a socket
2024-07-19 16:40:33,265 - sys_event - ERROR - Failed to read value from node NumericNodeId(ns=4;i=4): [WinError 10038] An operation was attempted on something that is not a socket
2024-07-19 16:40:33,376 - sys_event - ERROR - Failed to read value from node NumericNodeId(ns=4;i=4): [WinError 10038] An operation was attempted on something that is not a socket
2024-07-19 16:40:33,486 - sys_event - ERROR - Failed to read value from node NumericNodeId(ns=4;i=4): [WinError 10038] An operation was attempted on something that is not a socket
2024-07-19 16:40:33,598 - sys_event - ERROR - Failed to read value from node NumericNodeId(ns=4;i=4): [WinError 10038] An operation was attempted on something that is not a socket
2024-07-19 16:40:33,711 - sys_event - ERROR - Failed to read value from node NumericNodeId(ns=4;i=4): [WinError 10038] An operation was attempted on something that is not a socket
2024-07-19 16:40:33,813 - sys_event - ERROR - Failed to read value from node NumericNodeId(ns=4;i=4): [WinError 10038] An operation was attempted on something that is not a socket
2024-07-19 16:40:33,923 - sys_event - ERROR - Failed to read value from node NumericNodeId(ns=4;i=4): [WinError 10038] An operation was attempted on something that is not a socket
2024-07-19 16:40:34,033 - sys_event - ERROR - Failed to read value from node NumericNodeId(ns=4;i=4): [WinError 10038] An operation was attempted on something that is not a socket
2024-07-19 16:40:34,149 - sys_event - ERROR - Failed to read value from node NumericNodeId(ns=4;i=4): [WinError 10038] An operation was attempted on something that is not a socket
2024-07-19 16:40:34,265 - sys_event - ERROR - Failed to read value from node NumericNodeId(ns=4;i=4): [WinError 10038] An operation was attempted on something that is not a socket
2024-07-19 16:40:34,377 - sys_event - ERROR - Failed to read value from node NumericNodeId(ns=4;i=4): [WinError 10038] An operation was attempted on something that is not a socket
2024-07-19 16:40:34,487 - sys_event - ERROR - Failed to read value from node NumericNodeId(ns=4;i=4): [WinError 10038] An operation was attempted on something that is not a socket
2024-07-19 16:40:34,597 - sys_event - ERROR - Failed to read value from node NumericNodeId(ns=4;i=4): [WinError 10038] An operation was attempted on something that is not a socket
2024-07-19 16:40:34,697 - sys_event - ERROR - Failed to read value from node NumericNodeId(ns=4;i=4): [WinError 10038] An operation was attempted on something that is not a socket
2024-07-19 16:40:34,797 - sys_event - ERROR - Failed to read value from node NumericNodeId(ns=4;i=4): [WinError 10038] An operation was attempted on something that is not a socket
2024-07-19 16:40:34,908 - sys_event - ERROR - Failed to read value from node NumericNodeId(ns=4;i=4): [WinError 10038] An operation was attempted on something that is not a socket
2024-07-19 16:40:35,018 - sys_event - ERROR - Failed to read value from node NumericNodeId(ns=4;i=4): [WinError 10038] An operation was attempted on something that is not a socket
2024-07-19 16:40:35,128 - sys_event - ERROR - Failed to read value from node NumericNodeId(ns=4;i=4): [WinError 10038] An operation was attempted on something that is not a socket
2024-07-19 16:40:35,231 - sys_event - ERROR - Failed to read value from node NumericNodeId(ns=4;i=4): [WinError 10038] An operation was attempted on something that is not a socket
2024-07-19 16:40:35,344 - sys_event - ERROR - Failed to read value from node NumericNodeId(ns=4;i=4): [WinError 10038] An operation was attempted on something that is not a socket
2024-07-19 16:40:35,455 - sys_event - ERROR - Failed to read value from node NumericNodeId(ns=4;i=4): [WinError 10038] An operation was attempted on something that is not a socket
2024-07-19 16:40:35,564 - sys_event - ERROR - Failed to read value from node NumericNodeId(ns=4;i=4): [WinError 10038] An operation was attempted on something that is not a socket
2024-07-19 16:40:35,676 - sys_event - ERROR - Failed to read value from node NumericNodeId(ns=4;i=4): [WinError 10038] An operation was attempted on something that is not a socket
2024-07-19 16:40:35,782 - sys_event - ERROR - Failed to read value from node NumericNodeId(ns=4;i=4): [WinError 10038] An operation was attempted on something that is not a socket
2024-07-19 16:40:35,892 - sys_event - ERROR - Failed to read value from node NumericNodeId(ns=4;i=4): [WinError 10038] An operation was attempted on something that is not a socket
2024-07-19 16:40:36,003 - sys_event - ERROR - Failed to read value from node NumericNodeId(ns=4;i=4): [WinError 10038] An operation was attempted on something that is not a socket
2024-07-19 16:40:36,107 - sys_event - ERROR - Failed to read value from node NumericNodeId(ns=4;i=4): [WinError 10038] An operation was attempted on something that is not a socket
2024-07-19 16:40:36,215 - sys_event - ERROR - Failed to read value from node NumericNodeId(ns=4;i=4): [WinError 10038] An operation was attempted on something that is not a socket
2024-07-19 16:40:36,329 - sys_event - ERROR - Failed to read value from node NumericNodeId(ns=4;i=4): [WinError 10038] An operation was attempted on something that is not a socket
2024-07-19 16:40:36,439 - sys_event - ERROR - Failed to read value from node NumericNodeId(ns=4;i=4): [WinError 10038] An operation was attempted on something that is not a socket
2024-07-19 16:40:36,549 - sys_event - ERROR - Failed to read value from node NumericNodeId(ns=4;i=4): [WinError 10038] An operation was attempted on something that is not a socket
2024-07-19 16:40:36,659 - sys_event - ERROR - Failed to read value from node NumericNodeId(ns=4;i=4): [WinError 10038] An operation was attempted on something that is not a socket
2024-07-19 16:40:36,767 - sys_event - ERROR - Failed to read value from node NumericNodeId(ns=4;i=4): [WinError 10038] An operation was attempted on something that is not a socket
2024-07-19 16:40:36,878 - sys_event - ERROR - Failed to read value from node NumericNodeId(ns=4;i=4): [WinError 10038] An operation was attempted on something that is not a socket
2024-07-19 16:40:36,988 - sys_event - ERROR - Failed to read value from node NumericNodeId(ns=4;i=4): [WinError 10038] An operation was attempted on something that is not a socket
2024-07-19 16:40:37,098 - sys_event - ERROR - Failed to read value from node NumericNodeId(ns=4;i=4): [WinError 10038] An operation was attempted on something that is not a socket
2024-07-19 16:40:37,210 - sys_event - ERROR - Failed to read value from node NumericNodeId(ns=4;i=4): [WinError 10038] An operation was attempted on something that is not a socket
2024-07-19 16:40:37,314 - sys_event - ERROR - Failed to read value from node NumericNodeId(ns=4;i=4): [WinError 10038] An operation was attempted on something that is not a socket
2024-07-19 16:40:37,427 - sys_event - ERROR - Failed to read value from node NumericNodeId(ns=4;i=4): [WinError 10038] An operation was attempted on something that is not a socket
2024-07-19 16:40:37,537 - sys_event - ERROR - Failed to read value from node NumericNodeId(ns=4;i=4): [WinError 10038] An operation was attempted on something that is not a socket
2024-07-19 16:40:37,647 - sys_event - ERROR - Failed to read value from node NumericNodeId(ns=4;i=4): [WinError 10038] An operation was attempted on something that is not a socket
2024-07-19 16:40:37,747 - sys_event - ERROR - Failed to read value from node NumericNodeId(ns=4;i=4): [WinError 10038] An operation was attempted on something that is not a socket
2024-07-19 16:40:37,865 - sys_event - ERROR - Failed to read value from node NumericNodeId(ns=4;i=4): [WinError 10038] An operation was attempted on something that is not a socket
2024-07-19 16:40:37,975 - sys_event - ERROR - Failed to read value from node NumericNodeId(ns=4;i=4): [WinError 10038] An operation was attempted on something that is not a socket
2024-07-19 16:40:38,084 - sys_event - ERROR - Failed to read value from node NumericNodeId(ns=4;i=4): [WinError 10038] An operation was attempted on something that is not a socket
2024-07-19 16:40:38,194 - sys_event - ERROR - Failed to read value from node NumericNodeId(ns=4;i=4): [WinError 10038] An operation was attempted on something that is not a socket
2024-07-19 16:40:38,297 - sys_event - ERROR - Failed to read value from node NumericNodeId(ns=4;i=4): [WinError 10038] An operation was attempted on something that is not a socket
2024-07-19 16:40:38,415 - sys_event - ERROR - Failed to read value from node NumericNodeId(ns=4;i=4): [WinError 10038] An operation was attempted on something that is not a socket
2024-07-19 16:40:38,525 - sys_event - ERROR - Failed to read value from node NumericNodeId(ns=4;i=4): [WinError 10038] An operation was attempted on something that is not a socket
2024-07-19 16:40:38,635 - sys_event - ERROR - Failed to read value from node NumericNodeId(ns=4;i=4): [WinError 10038] An operation was attempted on something that is not a socket
2024-07-19 16:40:38,747 - sys_event - ERROR - Failed to read value from node NumericNodeId(ns=4;i=4): [WinError 10038] An operation was attempted on something that is not a socket
2024-07-19 16:40:38,849 - sys_event - ERROR - Failed to read value from node NumericNodeId(ns=4;i=4): [WinError 10038] An operation was attempted on something that is not a socket
2024-07-19 16:40:38,961 - sys_event - ERROR - Failed to read value from node NumericNodeId(ns=4;i=4): [WinError 10038] An operation was attempted on something that is not a socket
2024-07-19 16:40:39,071 - sys_event - ERROR - Failed to read value from node NumericNodeId(ns=4;i=4): [WinError 10038] An operation was attempted on something that is not a socket
2024-07-19 16:40:39,180 - sys_event - ERROR - Failed to read value from node NumericNodeId(ns=4;i=4): [WinError 10038] An operation was attempted on something that is not a socket
2024-07-19 16:40:39,283 - sys_event - ERROR - Failed to read value from node NumericNodeId(ns=4;i=4): [WinError 10038] An operation was attempted on something that is not a socket
2024-07-19 16:40:39,397 - sys_event - ERROR - Failed to read value from node NumericNodeId(ns=4;i=4): [WinError 10038] An operation was attempted on something that is not a socket
2024-07-19 16:40:39,512 - sys_event - ERROR - Failed to read value from node NumericNodeId(ns=4;i=4): [WinError 10038] An operation was attempted on something that is not a socket
2024-07-19 16:40:39,622 - sys_event - ERROR - Failed to read value from node NumericNodeId(ns=4;i=4): [WinError 10038] An operation was attempted on something that is not a socket
2024-07-19 16:40:39,733 - sys_event - ERROR - Failed to read value from node NumericNodeId(ns=4;i=4): [WinError 10038] An operation was attempted on something that is not a socket
2024-07-19 16:40:39,845 - sys_event - ERROR - Failed to read value from node NumericNodeId(ns=4;i=4): [WinError 10038] An operation was attempted on something that is not a socket
2024-07-19 16:40:39,950 - sys_event - ERROR - Failed to read value from node NumericNodeId(ns=4;i=4): [WinError 10038] An operation was attempted on something that is not a socket
2024-07-19 16:40:40,060 - sys_event - ERROR - Failed to read value from node NumericNodeId(ns=4;i=4): [WinError 10038] An operation was attempted on something that is not a socket
2024-07-19 16:40:40,169 - sys_event - ERROR - Failed to read value from node NumericNodeId(ns=4;i=4): [WinError 10038] An operation was attempted on something that is not a socket
2024-07-19 16:40:40,280 - sys_event - ERROR - Failed to read value from node NumericNodeId(ns=4;i=4): [WinError 10038] An operation was attempted on something that is not a socket
2024-07-19 16:40:40,390 - sys_event - ERROR - Failed to read value from node NumericNodeId(ns=4;i=4): [WinError 10038] An operation was attempted on something that is not a socket
2024-07-19 16:40:40,499 - sys_event - ERROR - Failed to read value from node NumericNodeId(ns=4;i=4): [WinError 10038] An operation was attempted on something that is not a socket
2024-07-19 16:40:40,609 - sys_event - ERROR - Failed to read value from node NumericNodeId(ns=4;i=4): [WinError 10038] An operation was attempted on something that is not a socket
2024-07-19 16:40:40,715 - sys_event - ERROR - Failed to read value from node NumericNodeId(ns=4;i=4): [WinError 10038] An operation was attempted on something that is not a socket
2024-07-19 16:40:40,829 - sys_event - ERROR - Failed to read value from node NumericNodeId(ns=4;i=4): [WinError 10038] An operation was attempted on something that is not a socket
2024-07-19 16:40:40,939 - sys_event - ERROR - Failed to read value from node NumericNodeId(ns=4;i=4): [WinError 10038] An operation was attempted on something that is not a socket
2024-07-19 16:40:41,048 - sys_event - ERROR - Failed to read value from node NumericNodeId(ns=4;i=4): [WinError 10038] An operation was attempted on something that is not a socket
2024-07-19 16:40:41,157 - sys_event - ERROR - Failed to read value from node NumericNodeId(ns=4;i=4): [WinError 10038] An operation was attempted on something that is not a socket
2024-07-19 16:40:41,265 - sys_event - ERROR - Failed to read value from node NumericNodeId(ns=4;i=4): [WinError 10038] An operation was attempted on something that is not a socket
2024-07-19 16:40:41,365 - sys_event - ERROR - Failed to read value from node NumericNodeId(ns=4;i=4): [WinError 10038] An operation was attempted on something that is not a socket
2024-07-19 16:40:41,481 - sys_event - ERROR - Failed to read value from node NumericNodeId(ns=4;i=4): [WinError 10038] An operation was attempted on something that is not a socket
2024-07-19 16:40:41,584 - sys_event - ERROR - Failed to read value from node NumericNodeId(ns=4;i=4): [WinError 10038] An operation was attempted on something that is not a socket
2024-07-19 16:40:41,699 - sys_event - ERROR - Failed to read value from node NumericNodeId(ns=4;i=4): [WinError 10038] An operation was attempted on something that is not a socket
2024-07-19 16:40:41,799 - sys_event - ERROR - Failed to read value from node NumericNodeId(ns=4;i=4): [WinError 10038] An operation was attempted on something that is not a socket
2024-07-19 16:40:41,899 - sys_event - ERROR - Failed to read value from node NumericNodeId(ns=4;i=4): [WinError 10038] An operation was attempted on something that is not a socket
2024-07-19 16:40:42,014 - sys_event - ERROR - Failed to read value from node NumericNodeId(ns=4;i=4): [WinError 10038] An operation was attempted on something that is not a socket
2024-07-19 16:40:42,115 - sys_event - ERROR - Failed to read value from node NumericNodeId(ns=4;i=4): [WinError 10038] An operation was attempted on something that is not a socket
2024-07-19 16:40:42,220 - sys_event - ERROR - Failed to read value from node NumericNodeId(ns=4;i=4): [WinError 10038] An operation was attempted on something that is not a socket
2024-07-19 16:40:42,332 - sys_event - ERROR - Failed to read value from node NumericNodeId(ns=4;i=4): [WinError 10038] An operation was attempted on something that is not a socket
2024-07-19 16:40:42,448 - sys_event - ERROR - Failed to read value from node NumericNodeId(ns=4;i=4): [WinError 10038] An operation was attempted on something that is not a socket
2024-07-19 16:40:42,550 - sys_event - ERROR - Failed to read value from node NumericNodeId(ns=4;i=4): [WinError 10038] An operation was attempted on something that is not a socket
2024-07-19 16:40:42,664 - sys_event - ERROR - Failed to read value from node NumericNodeId(ns=4;i=4): [WinError 10038] An operation was attempted on something that is not a socket
2024-07-19 16:40:42,767 - sys_event - ERROR - Failed to read value from node NumericNodeId(ns=4;i=4): [WinError 10038] An operation was attempted on something that is not a socket
2024-07-19 16:40:42,882 - sys_event - ERROR - Failed to read value from node NumericNodeId(ns=4;i=4): [WinError 10038] An operation was attempted on something that is not a socket
2024-07-19 16:40:42,983 - sys_event - ERROR - Failed to read value from node NumericNodeId(ns=4;i=4): [WinError 10038] An operation was attempted on something that is not a socket
2024-07-19 16:40:43,099 - sys_event - ERROR - Failed to read value from node NumericNodeId(ns=4;i=4): [WinError 10038] An operation was attempted on something that is not a socket
2024-07-19 16:40:43,211 - sys_event - ERROR - Failed to read value from node NumericNodeId(ns=4;i=4): [WinError 10038] An operation was attempted on something that is not a socket
2024-07-19 16:40:43,312 - sys_event - ERROR - Failed to read value from node NumericNodeId(ns=4;i=4): [WinError 10038] An operation was attempted on something that is not a socket
2024-07-19 16:40:43,415 - sys_event - ERROR - Failed to read value from node NumericNodeId(ns=4;i=4): [WinError 10038] An operation was attempted on something that is not a socket
2024-07-19 16:40:43,531 - sys_event - ERROR - Failed to read value from node NumericNodeId(ns=4;i=4): [WinError 10038] An operation was attempted on something that is not a socket
2024-07-19 16:40:43,642 - sys_event - ERROR - Failed to read value from node NumericNodeId(ns=4;i=4): [WinError 10038] An operation was attempted on something that is not a socket
2024-07-19 16:40:43,747 - sys_event - ERROR - Failed to read value from node NumericNodeId(ns=4;i=4): [WinError 10038] An operation was attempted on something that is not a socket
2024-07-19 16:40:43,859 - sys_event - ERROR - Failed to read value from node NumericNodeId(ns=4;i=4): [WinError 10038] An operation was attempted on something that is not a socket
2024-07-19 16:41:45,523 - sys_event - ERROR - Failed to connect to the OPC UA server: timed out
2024-07-19 16:41:45,523 - sys_event - ERROR - Failed to read value from node NumericNodeId(ns=4;i=4): 'NoneType' object has no attribute 'write'
2024-07-19 16:41:45,638 - sys_event - ERROR - Failed to read value from node NumericNodeId(ns=4;i=4): 'NoneType' object has no attribute 'write'
2024-07-19 16:41:45,753 - sys_event - ERROR - Failed to read value from node NumericNodeId(ns=4;i=4): 'NoneType' object has no attribute 'write'
2024-07-19 16:41:45,862 - sys_event - ERROR - Failed to read value from node NumericNodeId(ns=4;i=4): 'NoneType' object has no attribute 'write'
2024-07-19 16:41:45,973 - sys_event - ERROR - Failed to read value from node NumericNodeId(ns=4;i=4): 'NoneType' object has no attribute 'write'
2024-07-19 16:41:46,089 - sys_event - ERROR - Failed to read value from node NumericNodeId(ns=4;i=4): 'NoneType' object has no attribute 'write'
2024-07-19 16:41:46,203 - sys_event - ERROR - Failed to read value from node NumericNodeId(ns=4;i=4): 'NoneType' object has no attribute 'write'
2024-07-19 16:41:46,308 - sys_event - ERROR - Failed to read value from node NumericNodeId(ns=4;i=4): 'NoneType' object has no attribute 'write'
2024-07-19 16:41:46,419 - sys_event - ERROR - Failed to read value from node NumericNodeId(ns=4;i=4): 'NoneType' object has no attribute 'write'
2024-07-19 16:41:46,522 - sys_event - ERROR - Failed to read value from node NumericNodeId(ns=4;i=4): 'NoneType' object has no attribute 'write'
2024-07-19 16:41:46,624 - sys_event - ERROR - Failed to read value from node NumericNodeId(ns=4;i=4): 'NoneType' object has no attribute 'write'
2024-07-19 16:41:46,735 - sys_event - ERROR - Failed to read value from node NumericNodeId(ns=4;i=4): 'NoneType' object has no attribute 'write'
2024-07-19 16:41:46,836 - sys_event - ERROR - Failed to read value from node NumericNodeId(ns=4;i=4): 'NoneType' object has no attribute 'write'
2024-07-19 16:41:46,946 - sys_event - ERROR - Failed to read value from node NumericNodeId(ns=4;i=4): 'NoneType' object has no attribute 'write'
2024-07-19 16:41:47,058 - sys_event - ERROR - Failed to read value from node NumericNodeId(ns=4;i=4): 'NoneType' object has no attribute 'write'
2024-07-19 16:41:47,170 - sys_event - ERROR - Failed to read value from node NumericNodeId(ns=4;i=4): 'NoneType' object has no attribute 'write'
2024-07-19 16:41:47,274 - sys_event - ERROR - Failed to read value from node NumericNodeId(ns=4;i=4): 'NoneType' object has no attribute 'write'
2024-07-19 16:41:47,384 - sys_event - ERROR - Failed to read value from node NumericNodeId(ns=4;i=4): 'NoneType' object has no attribute 'write'
2024-07-19 16:41:47,496 - sys_event - ERROR - Failed to read value from node NumericNodeId(ns=4;i=4): 'NoneType' object has no attribute 'write'
2024-07-19 16:41:47,607 - sys_event - ERROR - Failed to read value from node NumericNodeId(ns=4;i=4): 'NoneType' object has no attribute 'write'
2024-07-19 16:41:47,718 - sys_event - ERROR - Failed to read value from node NumericNodeId(ns=4;i=4): 'NoneType' object has no attribute 'write'
2024-07-19 16:41:47,822 - sys_event - ERROR - Failed to read value from node NumericNodeId(ns=4;i=4): 'NoneType' object has no attribute 'write'
2024-07-19 16:41:47,936 - sys_event - ERROR - Failed to read value from node NumericNodeId(ns=4;i=4): 'NoneType' object has no attribute 'write'
2024-07-19 16:41:48,047 - sys_event - ERROR - Failed to read value from node NumericNodeId(ns=4;i=4): 'NoneType' object has no attribute 'write'
2024-07-19 16:41:48,152 - sys_event - ERROR - Failed to read value from node NumericNodeId(ns=4;i=4): 'NoneType' object has no attribute 'write'
2024-07-19 16:41:48,262 - sys_event - ERROR - Failed to read value from node NumericNodeId(ns=4;i=4): 'NoneType' object has no attribute 'write'
2024-07-19 16:41:48,372 - sys_event - ERROR - Failed to read value from node NumericNodeId(ns=4;i=4): 'NoneType' object has no attribute 'write'
2024-07-19 16:41:48,484 - sys_event - ERROR - Failed to read value from node NumericNodeId(ns=4;i=4): 'NoneType' object has no attribute 'write'
2024-07-19 16:41:48,588 - sys_event - ERROR - Failed to read value from node NumericNodeId(ns=4;i=4): 'NoneType' object has no attribute 'write'
2024-07-19 16:41:48,700 - sys_event - ERROR - Failed to read value from node NumericNodeId(ns=4;i=4): 'NoneType' object has no attribute 'write'
2024-07-19 16:41:48,810 - sys_event - ERROR - Failed to read value from node NumericNodeId(ns=4;i=4): 'NoneType' object has no attribute 'write'
2024-07-19 16:41:48,923 - sys_event - ERROR - Failed to read value from node NumericNodeId(ns=4;i=4): 'NoneType' object has no attribute 'write'
2024-07-19 16:41:49,033 - sys_event - ERROR - Failed to read value from node NumericNodeId(ns=4;i=4): 'NoneType' object has no attribute 'write'
2024-07-19 16:41:49,136 - sys_event - ERROR - Failed to read value from node NumericNodeId(ns=4;i=4): 'NoneType' object has no attribute 'write'
2024-07-19 16:41:49,246 - sys_event - ERROR - Failed to read value from node NumericNodeId(ns=4;i=4): 'NoneType' object has no attribute 'write'
2024-07-19 16:41:49,356 - sys_event - ERROR - Failed to read value from node NumericNodeId(ns=4;i=4): 'NoneType' object has no attribute 'write'
2024-07-19 16:41:49,471 - sys_event - ERROR - Failed to read value from node NumericNodeId(ns=4;i=4): 'NoneType' object has no attribute 'write'
2024-07-19 16:41:49,572 - sys_event - ERROR - Failed to read value from node NumericNodeId(ns=4;i=4): 'NoneType' object has no attribute 'write'
2024-07-19 16:41:49,685 - sys_event - ERROR - Failed to read value from node NumericNodeId(ns=4;i=4): 'NoneType' object has no attribute 'write'
2024-07-19 16:41:49,795 - sys_event - ERROR - Failed to read value from node NumericNodeId(ns=4;i=4): 'NoneType' object has no attribute 'write'
2024-07-19 16:41:49,906 - sys_event - ERROR - Failed to read value from node NumericNodeId(ns=4;i=4): 'NoneType' object has no attribute 'write'
2024-07-19 16:41:50,020 - sys_event - ERROR - Failed to read value from node NumericNodeId(ns=4;i=4): 'NoneType' object has no attribute 'write'
2024-07-19 16:41:50,123 - sys_event - ERROR - Failed to read value from node NumericNodeId(ns=4;i=4): 'NoneType' object has no attribute 'write'
2024-07-19 16:41:50,224 - sys_event - ERROR - Failed to read value from node NumericNodeId(ns=4;i=4): 'NoneType' object has no attribute 'write'
2024-07-19 16:41:50,339 - sys_event - ERROR - Failed to read value from node NumericNodeId(ns=4;i=4): 'NoneType' object has no attribute 'write'
2024-07-19 16:41:50,441 - sys_event - ERROR - Failed to read value from node NumericNodeId(ns=4;i=4): 'NoneType' object has no attribute 'write'
2024-07-19 16:41:50,557 - sys_event - ERROR - Failed to read value from node NumericNodeId(ns=4;i=4): 'NoneType' object has no attribute 'write'
2024-07-19 16:41:50,670 - sys_event - ERROR - Failed to read value from node NumericNodeId(ns=4;i=4): 'NoneType' object has no attribute 'write'
2024-07-19 16:41:50,771 - sys_event - ERROR - Failed to read value from node NumericNodeId(ns=4;i=4): 'NoneType' object has no attribute 'write'
2024-07-19 16:41:50,873 - sys_event - ERROR - Failed to read value from node NumericNodeId(ns=4;i=4): 'NoneType' object has no attribute 'write'
2024-07-19 16:41:50,976 - sys_event - ERROR - Failed to read value from node NumericNodeId(ns=4;i=4): 'NoneType' object has no attribute 'write'
2024-07-19 16:41:51,090 - sys_event - ERROR - Failed to read value from node NumericNodeId(ns=4;i=4): 'NoneType' object has no attribute 'write'
2024-07-19 16:41:51,191 - sys_event - ERROR - Failed to read value from node NumericNodeId(ns=4;i=4): 'NoneType' object has no attribute 'write'
2024-07-19 16:41:51,305 - sys_event - ERROR - Failed to read value from node NumericNodeId(ns=4;i=4): 'NoneType' object has no attribute 'write'
2024-07-19 16:41:51,422 - sys_event - ERROR - Failed to read value from node NumericNodeId(ns=4;i=4): 'NoneType' object has no attribute 'write'
2024-07-19 16:41:51,522 - sys_event - ERROR - Failed to read value from node NumericNodeId(ns=4;i=4): 'NoneType' object has no attribute 'write'
2024-07-19 16:41:51,638 - sys_event - ERROR - Failed to read value from node NumericNodeId(ns=4;i=4): 'NoneType' object has no attribute 'write'
2024-07-19 16:41:51,739 - sys_event - ERROR - Failed to read value from node NumericNodeId(ns=4;i=4): 'NoneType' object has no attribute 'write'
2024-07-19 16:41:51,854 - sys_event - ERROR - Failed to read value from node NumericNodeId(ns=4;i=4): 'NoneType' object has no attribute 'write'
2024-07-19 16:41:51,969 - sys_event - ERROR - Failed to read value from node NumericNodeId(ns=4;i=4): 'NoneType' object has no attribute 'write'
2024-07-19 17:13:30,823 - sys_event - ERROR - Failed to read value from node NumericNodeId(ns=4;i=183): 
